  [1m[35m (61.3ms)[0m  [1m[35mCREATE DATABASE "image_uploader_development" ENCODING = 'unicode'[0m
  ↳ bin/rails:9
  [1m[35m (25.2ms)[0m  [1m[35mCREATE DATABASE "image_uploader_test" ENCODING = 'unicode'[0m
  ↳ bin/rails:9
  [1m[35m (4.2ms)[0m  [1m[35mCREATE TABLE "schema_migrations" ("version" character varying NOT NULL PRIMARY KEY)[0m
  ↳ bin/rails:9
  [1m[35m (2.1ms)[0m  [1m[35mCREATE TABLE "ar_internal_metadata" ("key" character varying NOT NULL PRIMARY KEY, "value" character varying, "created_at" timestamp NOT NULL, "updated_at" timestamp NOT NULL)[0m
  ↳ bin/rails:9
  [1m[35m (0.1ms)[0m  [1m[34mSELECT pg_try_advisory_lock(2473061994910372215)[0m
  ↳ bin/rails:9
  [1m[35m (0.2ms)[0m  [1m[34mSELECT "schema_migrations"."version" FROM "schema_migrations" ORDER BY "schema_migrations"."version" ASC[0m
  ↳ bin/rails:9
Migrating to CreateUsers (20220713114928)
  [1m[35m (0.1ms)[0m  [1m[35mBEGIN[0m
  ↳ bin/rails:9
  [1m[35m (2.5ms)[0m  [1m[35mCREATE TABLE "users" ("id" bigserial primary key, "name" character varying, "gender" character varying, "profile" character varying, "address" character varying, "created_at" timestamp NOT NULL, "updated_at" timestamp NOT NULL)[0m
  ↳ db/migrate/20220713114928_create_users.rb:3
  [1m[36mActiveRecord::SchemaMigration Create (0.2ms)[0m  [1m[32mINSERT INTO "schema_migrations" ("version") VALUES ($1) RETURNING "version"[0m  [["version", "20220713114928"]]
  ↳ bin/rails:9
  [1m[35m (0.4ms)[0m  [1m[35mCOMMIT[0m
  ↳ bin/rails:9
  [1m[36mActiveRecord::InternalMetadata Load (0.2ms)[0m  [1m[34mSELECT  "ar_internal_metadata".* FROM "ar_internal_metadata" WHERE "ar_internal_metadata"."key" = $1 LIMIT $2[0m  [["key", "environment"], ["LIMIT", 1]]
  ↳ bin/rails:9
  [1m[35m (0.1ms)[0m  [1m[35mBEGIN[0m
  ↳ bin/rails:9
  [1m[36mActiveRecord::InternalMetadata Create (0.3ms)[0m  [1m[32mINSERT INTO "ar_internal_metadata" ("key", "value", "created_at", "updated_at") VALUES ($1, $2, $3, $4) RETURNING "key"[0m  [["key", "environment"], ["value", "development"], ["created_at", "2022-07-13 12:09:09.815438"], ["updated_at", "2022-07-13 12:09:09.815438"]]
  ↳ bin/rails:9
  [1m[35m (0.3ms)[0m  [1m[35mCOMMIT[0m
  ↳ bin/rails:9
  [1m[35m (0.1ms)[0m  [1m[34mSELECT pg_advisory_unlock(2473061994910372215)[0m
  ↳ bin/rails:9
  [1m[35m (0.1ms)[0m  [1m[34mSELECT "schema_migrations"."version" FROM "schema_migrations" ORDER BY "schema_migrations"."version" ASC[0m
  ↳ bin/rails:9
Started GET "/" for ::1 at 2022-07-13 18:26:47 +0530
  [1m[35m (0.2ms)[0m  [1m[34mSELECT "schema_migrations"."version" FROM "schema_migrations" ORDER BY "schema_migrations"."version" ASC[0m
  ↳ /home/itsacheckmate/.rvm/gems/ruby-2.7.0/gems/activerecord-5.2.8.1/lib/active_record/log_subscriber.rb:98
Processing by Rails::WelcomeController#index as HTML
  Rendering /home/itsacheckmate/.rvm/gems/ruby-2.7.0/gems/railties-5.2.8.1/lib/rails/templates/rails/welcome/index.html.erb
  Rendered /home/itsacheckmate/.rvm/gems/ruby-2.7.0/gems/railties-5.2.8.1/lib/rails/templates/rails/welcome/index.html.erb (1.6ms)
Completed 200 OK in 6ms (Views: 4.3ms | ActiveRecord: 0.0ms)


Started GET "/" for ::1 at 2022-07-13 18:50:09 +0530
  [1m[35m (1.1ms)[0m  [1m[34mSELECT "schema_migrations"."version" FROM "schema_migrations" ORDER BY "schema_migrations"."version" ASC[0m
  ↳ /home/itsacheckmate/.rvm/gems/ruby-2.7.0/gems/activerecord-5.2.8.1/lib/active_record/log_subscriber.rb:98
Processing by UsersController#index as HTML
  Rendering users/index.html.erb within layouts/application
  [1m[36mUser Load (0.3ms)[0m  [1m[34mSELECT "users".* FROM "users"[0m
  ↳ app/views/users/index.html.erb:13
  Rendered users/index.html.erb within layouts/application (3.5ms)
Completed 200 OK in 657ms (Views: 651.8ms | ActiveRecord: 0.9ms)


Started GET "/users/sign_up" for ::1 at 2022-07-13 18:50:19 +0530
Processing by UsersController#sign_up as HTML
  Rendering users/sign_up.html.erb within layouts/application
  Rendered users/sign_up.html.erb within layouts/application (0.2ms)
Completed 200 OK in 12ms (Views: 6.1ms | ActiveRecord: 3.1ms)


Started GET "/" for ::1 at 2022-07-13 18:53:57 +0530
Processing by UsersController#index as HTML
  Rendering users/index.html.erb within layouts/application
  [1m[36mUser Load (0.3ms)[0m  [1m[34mSELECT "users".* FROM "users"[0m
  ↳ app/views/users/index.html.erb:13
  Rendered users/index.html.erb within layouts/application (1.2ms)
Completed 200 OK in 8ms (Views: 6.8ms | ActiveRecord: 0.3ms)


Started GET "/users/sign_up" for ::1 at 2022-07-13 18:53:59 +0530
Processing by UsersController#sign_up as HTML
  Rendering users/sign_up.html.erb within layouts/application
  Rendered users/sign_up.html.erb within layouts/application (0.2ms)
Completed 200 OK in 8ms (Views: 7.3ms | ActiveRecord: 0.0ms)


Started GET "/" for ::1 at 2022-07-13 18:55:15 +0530
Processing by UsersController#index as HTML
  Rendering users/index.html.erb within layouts/application
  [1m[36mUser Load (0.1ms)[0m  [1m[34mSELECT "users".* FROM "users"[0m
  ↳ app/views/users/index.html.erb:13
  Rendered users/index.html.erb within layouts/application (0.8ms)
Completed 200 OK in 12ms (Views: 10.9ms | ActiveRecord: 0.1ms)


Started GET "/users/sign_up" for ::1 at 2022-07-13 18:55:17 +0530
Processing by UsersController#sign_up as HTML
  Rendering users/sign_up.html.erb within layouts/application
  Rendered users/sign_up.html.erb within layouts/application (0.3ms)
Completed 200 OK in 8ms (Views: 7.9ms | ActiveRecord: 0.0ms)


Started GET "/" for ::1 at 2022-07-13 18:59:11 +0530
Processing by UsersController#index as HTML
  Rendering users/index.html.erb within layouts/application
  [1m[36mUser Load (0.1ms)[0m  [1m[34mSELECT "users".* FROM "users"[0m
  ↳ app/views/users/index.html.erb:13
  Rendered users/index.html.erb within layouts/application (0.7ms)
Completed 200 OK in 9ms (Views: 8.7ms | ActiveRecord: 0.1ms)


Started GET "/users/sign_up" for ::1 at 2022-07-13 18:59:13 +0530
Processing by UsersController#sign_up as HTML
  Rendering users/sign_up.html.erb within layouts/application
  Rendered users/sign_up.html.erb within layouts/application (1.5ms)
Completed 500 Internal Server Error in 5ms (ActiveRecord: 0.0ms)


  
SyntaxError (/home/itsacheckmate/Html_Project/Training-Repository/Rails/Rails 5.2.0/image_uploader/app/views/users/sign_up.html.erb:11: syntax error, unexpected local variable or method, expecting ')'
  <div class="mb-3">
              ^~
/home/itsacheckmate/Html_Project/Training-Repository/Rails/Rails 5.2.0/image_uploader/app/views/users/sign_up.html.erb:11: syntax error, unexpected string literal, expecting ')'
  <div class="mb-3">
                  ^
/home/itsacheckmate/Html_Project/Training-Repository/Rails/Rails 5.2.0/image_uploader/app/views/users/sign_up.html.erb:13: syntax error, unexpected local variable or method, expecting ')'
...ext_field :gender, class: "form-control" );@output_buffer.sa...
...                           ^~~~
/home/itsacheckmate/Html_Project/Training-Repository/Rails/Rails 5.2.0/image_uploader/app/views/users/sign_up.html.erb:13: syntax error, unexpected string literal, expecting `do' or '{' or '('
... :gender, class: "form-control" );@output_buffer.safe_append...
...                              ^
/home/itsacheckmate/Html_Project/Training-Repository/Rails/Rails 5.2.0/image_uploader/app/views/users/sign_up.html.erb:16: syntax error, unexpected local variable or method, expecting ')'
  <div class="mb-3">
              ^~
/home/itsacheckmate/Html_Project/Training-Repository/Rails/Rails 5.2.0/image_uploader/app/views/users/sign_up.html.erb:16: syntax error, unexpected string literal, expecting ')'
  <div class="mb-3">
                  ^
/home/itsacheckmate/Html_Project/Training-Repository/Rails/Rails 5.2.0/image_uploader/app/views/users/sign_up.html.erb:18: syntax error, unexpected local variable or method, expecting ')'
...xt_field :address, class: "form-control" );@output_buffer.sa...
...                           ^~~~
/home/itsacheckmate/Html_Project/Training-Repository/Rails/Rails 5.2.0/image_uploader/app/views/users/sign_up.html.erb:18: syntax error, unexpected string literal, expecting `do' or '{' or '('
...:address, class: "form-control" );@output_buffer.safe_append...
...                              ^
/home/itsacheckmate/Html_Project/Training-Repository/Rails/Rails 5.2.0/image_uploader/app/views/users/sign_up.html.erb:21: syntax error, unexpected local variable or method, expecting ')'
  <div class="mb-3">
              ^~
/home/itsacheckmate/Html_Project/Training-Repository/Rails/Rails 5.2.0/image_uploader/app/views/users/sign_up.html.erb:21: syntax error, unexpected string literal, expecting ')'
  <div class="mb-3">
                  ^
/home/itsacheckmate/Html_Project/Training-Repository/Rails/Rails 5.2.0/image_uploader/app/views/users/sign_up.html.erb:23: syntax error, unexpected local variable or method, expecting ')'
...xt_field :profile, class: "form-control" );@output_buffer.sa...
...                           ^~~~
/home/itsacheckmate/Html_Project/Training-Repository/Rails/Rails 5.2.0/image_uploader/app/views/users/sign_up.html.erb:23: syntax error, unexpected string literal, expecting `do' or '{' or '('
...:profile, class: "form-control" );@output_buffer.safe_append...
...                              ^
/home/itsacheckmate/Html_Project/Training-Repository/Rails/Rails 5.2.0/image_uploader/app/views/users/sign_up.html.erb:26: syntax error, unexpected local variable or method, expecting ')'
  <div class="mb-3">
              ^~
/home/itsacheckmate/Html_Project/Training-Repository/Rails/Rails 5.2.0/image_uploader/app/views/users/sign_up.html.erb:26: syntax error, unexpected string literal, expecting ')'
  <div class="mb-3">
                  ^
/home/itsacheckmate/Html_Project/Training-Repository/Rails/Rails 5.2.0/image_uploader/app/views/users/sign_up.html.erb:27: syntax error, unexpected constant, expecting ')'
...ffer.append=( form.submit "Sign Up", class: "btn btn-primary...
...                           ^~~~
/home/itsacheckmate/Html_Project/Training-Repository/Rails/Rails 5.2.0/image_uploader/app/views/users/sign_up.html.erb:27: syntax error, unexpected local variable or method, expecting ')'
...m.submit "Sign Up", class: "btn btn-primary" );@output_buffe...
...                            ^~~
/home/itsacheckmate/Html_Project/Training-Repository/Rails/Rails 5.2.0/image_uploader/app/views/users/sign_up.html.erb:27: syntax error, unexpected string literal, expecting `do' or '{' or '('
...n Up", class: "btn btn-primary" );@output_buffer.safe_append...
...                              ^
/home/itsacheckmate/Html_Project/Training-Repository/Rails/Rails 5.2.0/image_uploader/app/views/users/sign_up.html.erb:34: unterminated string meets end of file
          end
             ^
/home/itsacheckmate/Html_Project/Training-Repository/Rails/Rails 5.2.0/image_uploader/app/views/users/sign_up.html.erb:34: syntax error, unexpected end-of-input, expecting ')'):
  
app/views/users/sign_up.html.erb:11: syntax error, unexpected local variable or method, expecting ')'
app/views/users/sign_up.html.erb:11: syntax error, unexpected string literal, expecting ')'
app/views/users/sign_up.html.erb:13: syntax error, unexpected local variable or method, expecting ')'
app/views/users/sign_up.html.erb:13: syntax error, unexpected string literal, expecting `do' or '{' or '('
app/views/users/sign_up.html.erb:16: syntax error, unexpected local variable or method, expecting ')'
app/views/users/sign_up.html.erb:16: syntax error, unexpected string literal, expecting ')'
app/views/users/sign_up.html.erb:18: syntax error, unexpected local variable or method, expecting ')'
app/views/users/sign_up.html.erb:18: syntax error, unexpected string literal, expecting `do' or '{' or '('
app/views/users/sign_up.html.erb:21: syntax error, unexpected local variable or method, expecting ')'
app/views/users/sign_up.html.erb:21: syntax error, unexpected string literal, expecting ')'
app/views/users/sign_up.html.erb:23: syntax error, unexpected local variable or method, expecting ')'
app/views/users/sign_up.html.erb:23: syntax error, unexpected string literal, expecting `do' or '{' or '('
app/views/users/sign_up.html.erb:26: syntax error, unexpected local variable or method, expecting ')'
app/views/users/sign_up.html.erb:26: syntax error, unexpected string literal, expecting ')'
app/views/users/sign_up.html.erb:27: syntax error, unexpected constant, expecting ')'
app/views/users/sign_up.html.erb:27: syntax error, unexpected local variable or method, expecting ')'
app/views/users/sign_up.html.erb:27: syntax error, unexpected string literal, expecting `do' or '{' or '('
app/views/users/sign_up.html.erb:34: unterminated string meets end of file
app/views/users/sign_up.html.erb:34: syntax error, unexpected end-of-input, expecting ')'
Started GET "/" for ::1 at 2022-07-13 18:59:19 +0530
Processing by UsersController#index as HTML
  Rendering users/index.html.erb within layouts/application
  [1m[36mUser Load (0.2ms)[0m  [1m[34mSELECT "users".* FROM "users"[0m
  ↳ app/views/users/index.html.erb:13
  Rendered users/index.html.erb within layouts/application (1.1ms)
Completed 200 OK in 8ms (Views: 7.5ms | ActiveRecord: 0.2ms)


Started GET "/" for ::1 at 2022-07-13 19:01:15 +0530
Processing by UsersController#index as HTML
  Rendering users/index.html.erb within layouts/application
  [1m[36mUser Load (0.1ms)[0m  [1m[34mSELECT "users".* FROM "users"[0m
  ↳ app/views/users/index.html.erb:13
  Rendered users/index.html.erb within layouts/application (0.8ms)
Completed 200 OK in 8ms (Views: 6.7ms | ActiveRecord: 0.1ms)


Started GET "/users/sign_up" for ::1 at 2022-07-13 19:01:16 +0530
Processing by UsersController#sign_up as HTML
  Rendering users/sign_up.html.erb within layouts/application
  Rendered users/sign_up.html.erb within layouts/application (0.4ms)
Completed 500 Internal Server Error in 2ms (ActiveRecord: 0.0ms)


  
SyntaxError (/home/itsacheckmate/Html_Project/Training-Repository/Rails/Rails 5.2.0/image_uploader/app/views/users/sign_up.html.erb:10: syntax error, unexpected local variable or method, expecting ')'
  <div class="mb-3">
              ^~
/home/itsacheckmate/Html_Project/Training-Repository/Rails/Rails 5.2.0/image_uploader/app/views/users/sign_up.html.erb:10: syntax error, unexpected string literal, expecting ')'
  <div class="mb-3">
                  ^
/home/itsacheckmate/Html_Project/Training-Repository/Rails/Rails 5.2.0/image_uploader/app/views/users/sign_up.html.erb:12: syntax error, unexpected local variable or method, expecting ')'
...ext_field :gender, class: "form-control" );@output_buffer.sa...
...                           ^~~~
/home/itsacheckmate/Html_Project/Training-Repository/Rails/Rails 5.2.0/image_uploader/app/views/users/sign_up.html.erb:12: syntax error, unexpected string literal, expecting `do' or '{' or '('
... :gender, class: "form-control" );@output_buffer.safe_append...
...                              ^
/home/itsacheckmate/Html_Project/Training-Repository/Rails/Rails 5.2.0/image_uploader/app/views/users/sign_up.html.erb:15: syntax error, unexpected local variable or method, expecting ')'
  <div class="mb-3">
              ^~
/home/itsacheckmate/Html_Project/Training-Repository/Rails/Rails 5.2.0/image_uploader/app/views/users/sign_up.html.erb:15: syntax error, unexpected string literal, expecting ')'
  <div class="mb-3">
                  ^
/home/itsacheckmate/Html_Project/Training-Repository/Rails/Rails 5.2.0/image_uploader/app/views/users/sign_up.html.erb:17: syntax error, unexpected local variable or method, expecting ')'
...xt_field :address, class: "form-control" );@output_buffer.sa...
...                           ^~~~
/home/itsacheckmate/Html_Project/Training-Repository/Rails/Rails 5.2.0/image_uploader/app/views/users/sign_up.html.erb:17: syntax error, unexpected string literal, expecting `do' or '{' or '('
...:address, class: "form-control" );@output_buffer.safe_append...
...                              ^
/home/itsacheckmate/Html_Project/Training-Repository/Rails/Rails 5.2.0/image_uploader/app/views/users/sign_up.html.erb:20: syntax error, unexpected local variable or method, expecting ')'
  <div class="mb-3">
              ^~
/home/itsacheckmate/Html_Project/Training-Repository/Rails/Rails 5.2.0/image_uploader/app/views/users/sign_up.html.erb:20: syntax error, unexpected string literal, expecting ')'
  <div class="mb-3">
                  ^
/home/itsacheckmate/Html_Project/Training-Repository/Rails/Rails 5.2.0/image_uploader/app/views/users/sign_up.html.erb:22: syntax error, unexpected local variable or method, expecting ')'
...xt_field :profile, class: "form-control" );@output_buffer.sa...
...                           ^~~~
/home/itsacheckmate/Html_Project/Training-Repository/Rails/Rails 5.2.0/image_uploader/app/views/users/sign_up.html.erb:22: syntax error, unexpected string literal, expecting `do' or '{' or '('
...:profile, class: "form-control" );@output_buffer.safe_append...
...                              ^
/home/itsacheckmate/Html_Project/Training-Repository/Rails/Rails 5.2.0/image_uploader/app/views/users/sign_up.html.erb:25: syntax error, unexpected local variable or method, expecting ')'
  <div class="mb-3">
              ^~
/home/itsacheckmate/Html_Project/Training-Repository/Rails/Rails 5.2.0/image_uploader/app/views/users/sign_up.html.erb:25: syntax error, unexpected string literal, expecting ')'
  <div class="mb-3">
                  ^
/home/itsacheckmate/Html_Project/Training-Repository/Rails/Rails 5.2.0/image_uploader/app/views/users/sign_up.html.erb:26: syntax error, unexpected constant, expecting ')'
...ffer.append=( form.submit "Sign Up", class: "btn btn-primary...
...                           ^~~~
/home/itsacheckmate/Html_Project/Training-Repository/Rails/Rails 5.2.0/image_uploader/app/views/users/sign_up.html.erb:26: syntax error, unexpected local variable or method, expecting ')'
...m.submit "Sign Up", class: "btn btn-primary" );@output_buffe...
...                            ^~~
/home/itsacheckmate/Html_Project/Training-Repository/Rails/Rails 5.2.0/image_uploader/app/views/users/sign_up.html.erb:26: syntax error, unexpected string literal, expecting `do' or '{' or '('
...n Up", class: "btn btn-primary" );@output_buffer.safe_append...
...                              ^
/home/itsacheckmate/Html_Project/Training-Repository/Rails/Rails 5.2.0/image_uploader/app/views/users/sign_up.html.erb:33: unterminated string meets end of file
          end
             ^
/home/itsacheckmate/Html_Project/Training-Repository/Rails/Rails 5.2.0/image_uploader/app/views/users/sign_up.html.erb:33: syntax error, unexpected end-of-input, expecting ')'):
  
app/views/users/sign_up.html.erb:10: syntax error, unexpected local variable or method, expecting ')'
app/views/users/sign_up.html.erb:10: syntax error, unexpected string literal, expecting ')'
app/views/users/sign_up.html.erb:12: syntax error, unexpected local variable or method, expecting ')'
app/views/users/sign_up.html.erb:12: syntax error, unexpected string literal, expecting `do' or '{' or '('
app/views/users/sign_up.html.erb:15: syntax error, unexpected local variable or method, expecting ')'
app/views/users/sign_up.html.erb:15: syntax error, unexpected string literal, expecting ')'
app/views/users/sign_up.html.erb:17: syntax error, unexpected local variable or method, expecting ')'
app/views/users/sign_up.html.erb:17: syntax error, unexpected string literal, expecting `do' or '{' or '('
app/views/users/sign_up.html.erb:20: syntax error, unexpected local variable or method, expecting ')'
app/views/users/sign_up.html.erb:20: syntax error, unexpected string literal, expecting ')'
app/views/users/sign_up.html.erb:22: syntax error, unexpected local variable or method, expecting ')'
app/views/users/sign_up.html.erb:22: syntax error, unexpected string literal, expecting `do' or '{' or '('
app/views/users/sign_up.html.erb:25: syntax error, unexpected local variable or method, expecting ')'
app/views/users/sign_up.html.erb:25: syntax error, unexpected string literal, expecting ')'
app/views/users/sign_up.html.erb:26: syntax error, unexpected constant, expecting ')'
app/views/users/sign_up.html.erb:26: syntax error, unexpected local variable or method, expecting ')'
app/views/users/sign_up.html.erb:26: syntax error, unexpected string literal, expecting `do' or '{' or '('
app/views/users/sign_up.html.erb:33: unterminated string meets end of file
app/views/users/sign_up.html.erb:33: syntax error, unexpected end-of-input, expecting ')'
Started GET "/users/sign_up" for ::1 at 2022-07-13 19:05:08 +0530
Processing by UsersController#sign_up as HTML
  Rendering users/sign_up.html.erb within layouts/application
  Rendered users/sign_up.html.erb within layouts/application (8.0ms)
Completed 200 OK in 15ms (Views: 14.1ms | ActiveRecord: 0.0ms)


Started GET "/" for ::1 at 2022-07-13 19:05:13 +0530
Processing by UsersController#index as HTML
  Rendering users/index.html.erb within layouts/application
  [1m[36mUser Load (0.2ms)[0m  [1m[34mSELECT "users".* FROM "users"[0m
  ↳ app/views/users/index.html.erb:13
  Rendered users/index.html.erb within layouts/application (0.9ms)
Completed 200 OK in 8ms (Views: 6.7ms | ActiveRecord: 0.2ms)


Started GET "/users/sign_up" for ::1 at 2022-07-13 19:05:27 +0530
Processing by UsersController#sign_up as HTML
  Rendering users/sign_up.html.erb within layouts/application
  Rendered users/sign_up.html.erb within layouts/application (1.4ms)
Completed 200 OK in 10ms (Views: 9.1ms | ActiveRecord: 0.0ms)


Started POST "/users/create" for ::1 at 2022-07-13 19:05:53 +0530
Processing by UsersController#create as JS
  Parameters: {"utf8"=>"✓", "authenticity_token"=>"kjv8+p2qRdwaPWhMM4FdwbSGsMCUEuy+B7x3RklEkYZ8O/Hymzm+s0SIQz14A6rWxwIfRZh+XaL0vyXBmkCXaA==", "user"=>{"name"=>"Ria", "gender"=>"Female", "address"=>"abc ", "profile"=>""}, "commit"=>"Sign Up"}
  [1m[35m (0.2ms)[0m  [1m[35mBEGIN[0m
  ↳ app/controllers/users_controller.rb:12
  [1m[36mUser Create (0.5ms)[0m  [1m[32mINSERT INTO "users" ("name", "gender", "profile", "address", "created_at", "updated_at") VALUES ($1, $2, $3, $4, $5, $6) RETURNING "id"[0m  [["name", "Ria"], ["gender", "Female"], ["profile", ""], ["address", "abc "], ["created_at", "2022-07-13 13:35:53.499779"], ["updated_at", "2022-07-13 13:35:53.499779"]]
  ↳ app/controllers/users_controller.rb:12
  [1m[35m (0.4ms)[0m  [1m[35mCOMMIT[0m
  ↳ app/controllers/users_controller.rb:12
Redirected to http://localhost:3000/
Completed 200 OK in 3ms (ActiveRecord: 1.1ms)


Started GET "/" for ::1 at 2022-07-13 19:05:53 +0530
Processing by UsersController#index as HTML
  Rendering users/index.html.erb within layouts/application
  [1m[36mUser Load (0.2ms)[0m  [1m[34mSELECT "users".* FROM "users"[0m
  ↳ app/views/users/index.html.erb:13
  Rendered users/index.html.erb within layouts/application (1.5ms)
Completed 200 OK in 9ms (Views: 8.4ms | ActiveRecord: 0.2ms)


Started GET "/" for ::1 at 2022-07-13 19:08:52 +0530
Processing by UsersController#index as HTML
  Rendering users/index.html.erb within layouts/application
  [1m[36mUser Load (0.2ms)[0m  [1m[34mSELECT "users".* FROM "users"[0m
  ↳ app/views/users/index.html.erb:14
  Rendered users/index.html.erb within layouts/application (1.2ms)
Completed 200 OK in 9ms (Views: 7.4ms | ActiveRecord: 0.2ms)


Started GET "/users/sign_up" for ::1 at 2022-07-13 19:08:55 +0530
Processing by UsersController#sign_up as HTML
  Rendering users/sign_up.html.erb within layouts/application
  Rendered users/sign_up.html.erb within layouts/application (1.5ms)
Completed 200 OK in 12ms (Views: 11.7ms | ActiveRecord: 0.0ms)


Started GET "/" for ::1 at 2022-07-13 19:09:20 +0530
Processing by UsersController#index as HTML
  Rendering users/index.html.erb within layouts/application
  [1m[36mUser Load (0.1ms)[0m  [1m[34mSELECT "users".* FROM "users"[0m
  ↳ app/views/users/index.html.erb:14
  Rendered users/index.html.erb within layouts/application (0.9ms)
Completed 200 OK in 7ms (Views: 6.2ms | ActiveRecord: 0.1ms)


Started GET "/users/sign_up" for ::1 at 2022-07-13 19:09:24 +0530
Processing by UsersController#sign_up as HTML
  Rendering users/sign_up.html.erb within layouts/application
  Rendered users/sign_up.html.erb within layouts/application (1.4ms)
Completed 200 OK in 8ms (Views: 7.9ms | ActiveRecord: 0.0ms)


Started POST "/users/create" for ::1 at 2022-07-13 19:09:51 +0530
Processing by UsersController#create as JS
  Parameters: {"utf8"=>"✓", "authenticity_token"=>"1k7dnXVlUreUXubuUrFFc0FS6nfngvdaiZbvCBATrHU4TtCVc/ap2MrrzZ8ZM7JkMtZF8uvuRkZ6lb2Pwxeqmw==", "user"=>{"name"=>"Meet", "gender"=>"Male", "address"=>"Delhi", "profile"=>""}, "commit"=>"Sign Up"}
  [1m[35m (0.1ms)[0m  [1m[35mBEGIN[0m
  ↳ app/controllers/users_controller.rb:12
  [1m[36mUser Create (0.2ms)[0m  [1m[32mINSERT INTO "users" ("name", "gender", "profile", "address", "created_at", "updated_at") VALUES ($1, $2, $3, $4, $5, $6) RETURNING "id"[0m  [["name", "Meet"], ["gender", "Male"], ["profile", ""], ["address", "Delhi"], ["created_at", "2022-07-13 13:39:51.787941"], ["updated_at", "2022-07-13 13:39:51.787941"]]
  ↳ app/controllers/users_controller.rb:12
  [1m[35m (0.3ms)[0m  [1m[35mCOMMIT[0m
  ↳ app/controllers/users_controller.rb:12
Redirected to http://localhost:3000/
Completed 200 OK in 2ms (ActiveRecord: 0.5ms)


Started GET "/" for ::1 at 2022-07-13 19:09:51 +0530
Processing by UsersController#index as HTML
  Rendering users/index.html.erb within layouts/application
  [1m[36mUser Load (0.2ms)[0m  [1m[34mSELECT "users".* FROM "users"[0m
  ↳ app/views/users/index.html.erb:14
  Rendered users/index.html.erb within layouts/application (0.9ms)
Completed 200 OK in 8ms (Views: 7.7ms | ActiveRecord: 0.2ms)


Started GET "/" for ::1 at 2022-07-13 19:11:16 +0530
Processing by UsersController#index as HTML
  Rendering users/index.html.erb within layouts/application
  [1m[36mUser Load (0.1ms)[0m  [1m[34mSELECT "users".* FROM "users"[0m
  ↳ app/views/users/index.html.erb:14
  Rendered users/index.html.erb within layouts/application (0.8ms)
Completed 200 OK in 8ms (Views: 7.2ms | ActiveRecord: 0.1ms)


Started GET "/" for ::1 at 2022-07-13 21:31:22 +0530
  [1m[35m (0.4ms)[0m  [1m[34mSELECT "schema_migrations"."version" FROM "schema_migrations" ORDER BY "schema_migrations"."version" ASC[0m
  ↳ /home/itsacheckmate/.rvm/gems/ruby-2.7.0/gems/activerecord-5.2.8.1/lib/active_record/log_subscriber.rb:98
Processing by UsersController#index as HTML
  Rendering users/index.html.erb within layouts/application
  [1m[36mUser Load (0.7ms)[0m  [1m[34mSELECT "users".* FROM "users"[0m
  ↳ app/views/users/index.html.erb:14
  Rendered users/index.html.erb within layouts/application (14.2ms)
Completed 200 OK in 102ms (Views: 93.7ms | ActiveRecord: 2.4ms)


Started GET "/users/sign_up" for ::1 at 2022-07-13 21:31:25 +0530
Processing by UsersController#sign_up as HTML
  Rendering users/sign_up.html.erb within layouts/application
  Rendered users/sign_up.html.erb within layouts/application (5.5ms)
Completed 200 OK in 23ms (Views: 22.7ms | ActiveRecord: 0.0ms)


Started GET "/" for ::1 at 2022-07-13 22:20:56 +0530
Processing by UsersController#index as HTML
Completed 500 Internal Server Error in 2ms (ActiveRecord: 0.0ms)


  
NameError (uninitialized constant User::TaskfileUploader):
  
app/models/user.rb:2:in `<class:User>'
app/models/user.rb:1:in `<main>'
app/controllers/users_controller.rb:3:in `index'
Started GET "/" for ::1 at 2022-07-13 22:22:10 +0530
Processing by UsersController#index as HTML
Completed 500 Internal Server Error in 1ms (ActiveRecord: 0.0ms)


  
NameError (uninitialized constant User::FileUploader):
  
app/models/user.rb:2:in `<class:User>'
app/models/user.rb:1:in `<main>'
app/controllers/users_controller.rb:3:in `index'
  [1m[35m (0.1ms)[0m  [1m[34mSELECT pg_try_advisory_lock(2473061994910372215)[0m
  ↳ bin/rails:9
  [1m[35m (0.2ms)[0m  [1m[34mSELECT "schema_migrations"."version" FROM "schema_migrations" ORDER BY "schema_migrations"."version" ASC[0m
  ↳ bin/rails:9
  [1m[36mActiveRecord::InternalMetadata Load (0.3ms)[0m  [1m[34mSELECT  "ar_internal_metadata".* FROM "ar_internal_metadata" WHERE "ar_internal_metadata"."key" = $1 LIMIT $2[0m  [["key", "environment"], ["LIMIT", 1]]
  ↳ bin/rails:9
  [1m[35m (0.0ms)[0m  [1m[35mBEGIN[0m
  ↳ bin/rails:9
  [1m[35m (0.0ms)[0m  [1m[35mCOMMIT[0m
  ↳ bin/rails:9
  [1m[35m (0.0ms)[0m  [1m[34mSELECT pg_advisory_unlock(2473061994910372215)[0m
  ↳ bin/rails:9
  [1m[35m (0.1ms)[0m  [1m[34mSELECT "schema_migrations"."version" FROM "schema_migrations" ORDER BY "schema_migrations"."version" ASC[0m
  ↳ bin/rails:9
Started GET "/" for ::1 at 2022-07-13 22:25:31 +0530
Processing by UsersController#index as HTML
Completed 500 Internal Server Error in 1ms (ActiveRecord: 0.0ms)


  
NameError (uninitialized constant User::ProfileUploader):
  
app/models/user.rb:2:in `<class:User>'
app/models/user.rb:1:in `<main>'
app/controllers/users_controller.rb:3:in `index'
Started GET "/" for ::1 at 2022-07-13 22:26:28 +0530
Processing by UsersController#index as HTML
  Rendering users/index.html.erb within layouts/application
  [1m[36mUser Load (0.3ms)[0m  [1m[34mSELECT "users".* FROM "users"[0m
  ↳ app/views/users/index.html.erb:14
  Rendered users/index.html.erb within layouts/application (5.8ms)
Completed 200 OK in 14ms (Views: 10.2ms | ActiveRecord: 2.5ms)


Started GET "/users/sign_up" for ::1 at 2022-07-13 22:26:31 +0530
Processing by UsersController#sign_up as HTML
  Rendering users/sign_up.html.erb within layouts/application
  Rendered users/sign_up.html.erb within layouts/application (1.5ms)
Completed 200 OK in 11ms (Views: 9.3ms | ActiveRecord: 0.0ms)


Started GET "/" for ::1 at 2022-07-13 22:32:57 +0530
Processing by UsersController#index as HTML
Completed 500 Internal Server Error in 2ms (ActiveRecord: 0.0ms)


  
NameError (uninitialized constant User::ProfileUploader):
  
app/models/user.rb:2:in `<class:User>'
app/models/user.rb:1:in `<main>'
app/controllers/users_controller.rb:3:in `index'
Started GET "/" for ::1 at 2022-07-13 22:33:56 +0530
Processing by UsersController#index as HTML
Completed 500 Internal Server Error in 2ms (ActiveRecord: 0.0ms)


  
NameError (uninitialized constant User::Profile_Uploader):
  
app/models/user.rb:2:in `<class:User>'
app/models/user.rb:1:in `<main>'
app/controllers/users_controller.rb:3:in `index'
  [1m[35m (0.0ms)[0m  [1m[34mSELECT pg_try_advisory_lock(2473061994910372215)[0m
  ↳ bin/rails:9
  [1m[35m (0.2ms)[0m  [1m[34mSELECT "schema_migrations"."version" FROM "schema_migrations" ORDER BY "schema_migrations"."version" ASC[0m
  ↳ bin/rails:9
  [1m[36mActiveRecord::InternalMetadata Load (0.1ms)[0m  [1m[34mSELECT  "ar_internal_metadata".* FROM "ar_internal_metadata" WHERE "ar_internal_metadata"."key" = $1 LIMIT $2[0m  [["key", "environment"], ["LIMIT", 1]]
  ↳ bin/rails:9
  [1m[35m (0.1ms)[0m  [1m[35mBEGIN[0m
  ↳ bin/rails:9
  [1m[35m (0.1ms)[0m  [1m[35mCOMMIT[0m
  ↳ bin/rails:9
  [1m[35m (0.0ms)[0m  [1m[34mSELECT pg_advisory_unlock(2473061994910372215)[0m
  ↳ bin/rails:9
  [1m[35m (0.1ms)[0m  [1m[34mSELECT "schema_migrations"."version" FROM "schema_migrations" ORDER BY "schema_migrations"."version" ASC[0m
  ↳ bin/rails:9
Started GET "/" for ::1 at 2022-07-13 22:38:55 +0530
Processing by UsersController#index as HTML
Completed 500 Internal Server Error in 1ms (ActiveRecord: 0.0ms)


  
NameError (uninitialized constant User::ProfileUploader):
  
app/models/user.rb:2:in `<class:User>'
app/models/user.rb:1:in `<main>'
app/controllers/users_controller.rb:3:in `index'
Started GET "/" for ::1 at 2022-07-13 22:40:13 +0530
Processing by UsersController#index as HTML
Completed 500 Internal Server Error in 5ms (ActiveRecord: 0.0ms)


  
NameError (uninitialized constant User::ProfileUploader):
  
app/models/user.rb:2:in `<class:User>'
app/models/user.rb:1:in `<main>'
app/controllers/users_controller.rb:3:in `index'
Started GET "/" for ::1 at 2022-07-13 22:40:13 +0530
Processing by UsersController#index as HTML
Completed 500 Internal Server Error in 1ms (ActiveRecord: 0.0ms)


  
NameError (uninitialized constant User::ProfileUploader):
  
app/models/user.rb:2:in `<class:User>'
app/models/user.rb:1:in `<main>'
app/controllers/users_controller.rb:3:in `index'
Started GET "/" for ::1 at 2022-07-14 12:31:28 +0530
  [1m[35m (0.5ms)[0m  [1m[34mSELECT "schema_migrations"."version" FROM "schema_migrations" ORDER BY "schema_migrations"."version" ASC[0m
  ↳ /home/itsacheckmate/.rvm/gems/ruby-2.7.0/gems/activerecord-5.2.8.1/lib/active_record/log_subscriber.rb:98
Processing by UsersController#index as HTML
  Rendering users/index.html.erb within layouts/application
  [1m[36mUser Load (0.8ms)[0m  [1m[34mSELECT "users".* FROM "users"[0m
  ↳ app/views/users/index.html.erb:14
  Rendered users/index.html.erb within layouts/application (5.9ms)
Completed 200 OK in 93ms (Views: 86.5ms | ActiveRecord: 2.6ms)


Started GET "/" for ::1 at 2022-07-14 12:31:31 +0530
Processing by UsersController#index as HTML
  Rendering users/index.html.erb within layouts/application
  [1m[36mUser Load (0.2ms)[0m  [1m[34mSELECT "users".* FROM "users"[0m
  ↳ app/views/users/index.html.erb:14
  Rendered users/index.html.erb within layouts/application (1.0ms)
Completed 200 OK in 7ms (Views: 6.6ms | ActiveRecord: 0.2ms)


Started GET "/users/sign_up" for ::1 at 2022-07-14 12:31:32 +0530
Processing by UsersController#sign_up as HTML
  Rendering users/sign_up.html.erb within layouts/application
  Rendered users/sign_up.html.erb within layouts/application (136.5ms)
Completed 500 Internal Server Error in 138ms (ActiveRecord: 0.0ms)


  
ActionView::Template::Error (undefined local variable or method `f' for #<#<Class:0x00007f28ecbb7f08>:0x00007f28ecfe4040>):
    25:   
    26:   <div class="field">
    27:     add an image....
    28:     <%= f.file_field :profile %>
    29:   </div>
    30: 
    31:   <div class="mb-3">
  
app/views/users/sign_up.html.erb:28:in `block in _app_views_users_sign_up_html_erb___29803098605941061_14320'
app/views/users/sign_up.html.erb:3:in `_app_views_users_sign_up_html_erb___29803098605941061_14320'
Started GET "/users/sign_up" for ::1 at 2022-07-14 12:32:33 +0530
Processing by UsersController#sign_up as HTML
  Rendering users/sign_up.html.erb within layouts/application
  Rendered users/sign_up.html.erb within layouts/application (1.3ms)
Completed 200 OK in 7ms (Views: 6.7ms | ActiveRecord: 0.0ms)


Started POST "/users/create" for ::1 at 2022-07-14 12:34:05 +0530
Processing by UsersController#create as JS
  Parameters: {"utf8"=>"✓", "authenticity_token"=>"TfE8+iPf3ugYj7YoZ78aT2iKJHXNs/fIdQVSwc5j4uBMHFnmIfiBBgMvzR1Z2Pd0kevUbRlu6LyzjEoVmUNeiQ==", "user"=>{"name"=>"Meera", "gender"=>"Female", "address"=>"Faridabad", "profile"=>#<ActionDispatch::Http::UploadedFile:0x00007f28fd70f6e8 @tempfile=#<Tempfile:/tmp/RackMultipart20220714-5381-1niqfcm.jpeg>, @original_filename="user.jpeg", @content_type="image/jpeg", @headers="Content-Disposition: form-data; name=\"user[profile]\"; filename=\"user.jpeg\"\r\nContent-Type: image/jpeg\r\n">}, "commit"=>"Sign Up"}
  [1m[35m (0.1ms)[0m  [1m[35mBEGIN[0m
  ↳ app/controllers/users_controller.rb:12
  [1m[35m (0.1ms)[0m  [1m[31mROLLBACK[0m
  ↳ app/controllers/users_controller.rb:12
Completed 500 Internal Server Error in 1ms (ActiveRecord: 0.1ms)


  
ActiveModel::MissingAttributeError (can't write unknown attribute `Profile`):
  
app/controllers/users_controller.rb:12:in `create'
Started GET "/" for ::1 at 2022-07-14 12:34:34 +0530
Processing by UsersController#index as HTML
  Rendering users/index.html.erb within layouts/application
  [1m[36mUser Load (0.2ms)[0m  [1m[34mSELECT "users".* FROM "users"[0m
  ↳ app/views/users/index.html.erb:14
  Rendered users/index.html.erb within layouts/application (1.0ms)
Completed 200 OK in 9ms (Views: 7.9ms | ActiveRecord: 0.2ms)


Started GET "/" for ::1 at 2022-07-14 12:34:37 +0530
Processing by UsersController#index as HTML
  Rendering users/index.html.erb within layouts/application
  [1m[36mUser Load (0.1ms)[0m  [1m[34mSELECT "users".* FROM "users"[0m
  ↳ app/views/users/index.html.erb:14
  Rendered users/index.html.erb within layouts/application (0.9ms)
Completed 200 OK in 7ms (Views: 6.2ms | ActiveRecord: 0.1ms)


Started GET "/users/sign_up" for ::1 at 2022-07-14 12:35:34 +0530
Processing by UsersController#sign_up as HTML
  Rendering users/sign_up.html.erb within layouts/application
  Rendered users/sign_up.html.erb within layouts/application (2.1ms)
Completed 200 OK in 11ms (Views: 9.9ms | ActiveRecord: 0.0ms)


Started GET "/users/sign_up" for ::1 at 2022-07-14 12:40:29 +0530
Processing by UsersController#sign_up as HTML
  Rendering users/sign_up.html.erb within layouts/application
  Rendered users/sign_up.html.erb within layouts/application (2.3ms)
Completed 200 OK in 11ms (Views: 9.8ms | ActiveRecord: 0.0ms)


Started POST "/users/create" for ::1 at 2022-07-14 12:41:12 +0530
Processing by UsersController#create as JS
  Parameters: {"utf8"=>"✓", "authenticity_token"=>"TwCkYTMGcnQm5TH8hHPGT0QaGsFlx6OHohxpL37FHK0W7VTrGekT5BNmbrR20MET/aXepwqvDjuNgtXIgbKvYA==", "user"=>{"name"=>"Meera", "gender"=>"Female", "address"=>"Faridabad", "profile"=>#<ActionDispatch::Http::UploadedFile:0x00007f28ed736028 @tempfile=#<Tempfile:/tmp/RackMultipart20220714-5381-1xld5h.jpg>, @original_filename="arrow.jpg", @content_type="image/jpeg", @headers="Content-Disposition: form-data; name=\"user[profile]\"; filename=\"arrow.jpg\"\r\nContent-Type: image/jpeg\r\n">}, "commit"=>"Sign Up"}
  [1m[35m (0.1ms)[0m  [1m[35mBEGIN[0m
  ↳ app/controllers/users_controller.rb:12
  [1m[35m (0.0ms)[0m  [1m[31mROLLBACK[0m
  ↳ app/controllers/users_controller.rb:12
Completed 500 Internal Server Error in 1ms (ActiveRecord: 0.1ms)


  
ActiveModel::MissingAttributeError (can't write unknown attribute `Profile`):
  
app/controllers/users_controller.rb:12:in `create'
Started GET "/users/sign_up" for ::1 at 2022-07-14 12:42:18 +0530
Processing by UsersController#sign_up as HTML
  Rendering users/sign_up.html.erb within layouts/application
  Rendered users/sign_up.html.erb within layouts/application (1.4ms)
Completed 200 OK in 8ms (Views: 7.3ms | ActiveRecord: 0.0ms)


Started POST "/users/create" for ::1 at 2022-07-14 12:42:41 +0530
Processing by UsersController#create as JS
  Parameters: {"utf8"=>"✓", "authenticity_token"=>"cHLPTBwt2BzHi05hVUJhBTPm2lKm3Z0uPKPCd2XX4Cdxn6pQHgqH8twrNVRrJYw+yocqSnIAglr6KtqjMvdcTg==", "user"=>{"name"=>"Meera", "gender"=>"Female", "address"=>"Delhi", "profile"=>#<ActionDispatch::Http::UploadedFile:0x00007f28fc2bb7a0 @tempfile=#<Tempfile:/tmp/RackMultipart20220714-5381-lt62k2.jpeg>, @original_filename="user.jpeg", @content_type="image/jpeg", @headers="Content-Disposition: form-data; name=\"user[profile]\"; filename=\"user.jpeg\"\r\nContent-Type: image/jpeg\r\n">}, "commit"=>"Sign Up"}
  [1m[35m (0.1ms)[0m  [1m[35mBEGIN[0m
  ↳ app/controllers/users_controller.rb:12
  [1m[35m (0.0ms)[0m  [1m[31mROLLBACK[0m
  ↳ app/controllers/users_controller.rb:12
Completed 500 Internal Server Error in 1ms (ActiveRecord: 0.1ms)


  
ActiveModel::MissingAttributeError (can't write unknown attribute `Profile`):
  
app/controllers/users_controller.rb:12:in `create'
Started GET "/users/sign_up" for ::1 at 2022-07-14 12:48:27 +0530
  [1m[35m (0.3ms)[0m  [1m[34mSELECT "schema_migrations"."version" FROM "schema_migrations" ORDER BY "schema_migrations"."version" ASC[0m
  ↳ /home/itsacheckmate/.rvm/gems/ruby-2.7.0/gems/activerecord-5.2.8.1/lib/active_record/log_subscriber.rb:98
Processing by UsersController#sign_up as HTML
  Rendering users/sign_up.html.erb within layouts/application
  Rendered users/sign_up.html.erb within layouts/application (3.7ms)
Completed 200 OK in 98ms (Views: 90.0ms | ActiveRecord: 1.6ms)


Started POST "/users/create" for ::1 at 2022-07-14 12:48:48 +0530
Processing by UsersController#create as JS
  Parameters: {"utf8"=>"✓", "authenticity_token"=>"ev7+JLwTlYz/iRu5gfMzmOj9klUhpaOzC1IeYhqUUH17E5s4vjTKYuQpYIy/lN6jEZxiTfV4vMfN2wa2TbTsFA==", "user"=>{"name"=>"Meera", "gender"=>"Female", "address"=>"Delhi", "profile"=>#<ActionDispatch::Http::UploadedFile:0x00007f301d0c8f10 @tempfile=#<Tempfile:/tmp/RackMultipart20220714-6571-17wps4b.jpg>, @original_filename="arrow.jpg", @content_type="image/jpeg", @headers="Content-Disposition: form-data; name=\"user[profile]\"; filename=\"arrow.jpg\"\r\nContent-Type: image/jpeg\r\n">}, "commit"=>"Sign Up"}
  [1m[35m (0.0ms)[0m  [1m[35mBEGIN[0m
  ↳ app/controllers/users_controller.rb:12
  [1m[35m (0.1ms)[0m  [1m[31mROLLBACK[0m
  ↳ app/controllers/users_controller.rb:12
Completed 500 Internal Server Error in 1ms (ActiveRecord: 0.1ms)


  
ActiveModel::MissingAttributeError (can't write unknown attribute `Profile`):
  
app/controllers/users_controller.rb:12:in `create'
Started GET "/" for ::1 at 2022-07-14 13:04:11 +0530
  [1m[35m (0.2ms)[0m  [1m[34mSELECT "schema_migrations"."version" FROM "schema_migrations" ORDER BY "schema_migrations"."version" ASC[0m
  ↳ /home/itsacheckmate/.rvm/gems/ruby-2.7.0/gems/activerecord-5.2.8.1/lib/active_record/log_subscriber.rb:98
Processing by UsersController#index as HTML
  Rendering users/index.html.erb within layouts/application
  [1m[36mUser Load (0.3ms)[0m  [1m[34mSELECT "users".* FROM "users"[0m
  ↳ app/views/users/index.html.erb:14
  Rendered users/index.html.erb within layouts/application (5.6ms)
Completed 200 OK in 97ms (Views: 90.8ms | ActiveRecord: 1.8ms)


Started GET "/" for ::1 at 2022-07-14 13:53:32 +0530
Processing by UsersController#index as HTML
  Rendering users/index.html.erb within layouts/application
  [1m[36mUser Load (0.2ms)[0m  [1m[34mSELECT "users".* FROM "users"[0m
  ↳ app/views/users/index.html.erb:14
  Rendered users/index.html.erb within layouts/application (1.0ms)
Completed 200 OK in 7ms (Views: 6.4ms | ActiveRecord: 0.2ms)


Started GET "/users/sign_up" for ::1 at 2022-07-14 13:53:34 +0530
Processing by UsersController#sign_up as HTML
  Rendering users/sign_up.html.erb within layouts/application
  Rendered users/sign_up.html.erb within layouts/application (83.4ms)
Completed 200 OK in 90ms (Views: 89.1ms | ActiveRecord: 0.0ms)


Started GET "/users/sign_up" for ::1 at 2022-07-14 13:57:59 +0530
Processing by UsersController#sign_up as HTML
  Rendering users/sign_up.html.erb within layouts/application
  Rendered users/sign_up.html.erb within layouts/application (2.8ms)
Completed 200 OK in 10ms (Views: 9.4ms | ActiveRecord: 0.0ms)


Started POST "/users/create" for ::1 at 2022-07-14 13:58:31 +0530
Processing by UsersController#create as JS
  Parameters: {"utf8"=>"✓", "authenticity_token"=>"XfYOZdl1aueN1JQnfB1Q1bcvSxt/hu3OD6nuGGZ0hHIEG/7v85oLd7hXy2+OvleJDpCPfRDuQHIgN1L/mQM3vw==", "user"=>{"name"=>"Raj", "gender"=>"Male", "address"=>"Faridabad", "profile"=>#<ActionDispatch::Http::UploadedFile:0x00007fc4b80b5520 @tempfile=#<Tempfile:/tmp/RackMultipart20220714-7319-73ylge.jpeg>, @original_filename="user1.jpeg", @content_type="image/jpeg", @headers="Content-Disposition: form-data; name=\"user[profile]\"; filename=\"user1.jpeg\"\r\nContent-Type: image/jpeg\r\n">}, "commit"=>"Sign Up"}
  [1m[35m (0.2ms)[0m  [1m[35mBEGIN[0m
  ↳ app/controllers/users_controller.rb:12
  [1m[35m (0.1ms)[0m  [1m[31mROLLBACK[0m
  ↳ app/controllers/users_controller.rb:12
Completed 500 Internal Server Error in 2ms (ActiveRecord: 0.3ms)


  
ActiveModel::MissingAttributeError (can't write unknown attribute `Profile`):
  
app/controllers/users_controller.rb:12:in `create'
Started POST "/users/create" for ::1 at 2022-07-14 13:59:00 +0530
Processing by UsersController#create as JS
  Parameters: {"utf8"=>"✓", "authenticity_token"=>"XfYOZdl1aueN1JQnfB1Q1bcvSxt/hu3OD6nuGGZ0hHIEG/7v85oLd7hXy2+OvleJDpCPfRDuQHIgN1L/mQM3vw==", "user"=>{"name"=>"Raj", "gender"=>"Male", "address"=>"Faridabad", "profile"=>#<ActionDispatch::Http::UploadedFile:0x00007fc4b0516d88 @tempfile=#<Tempfile:/tmp/RackMultipart20220714-7319-1ghoyqb.jpeg>, @original_filename="user1.jpeg", @content_type="image/jpeg", @headers="Content-Disposition: form-data; name=\"user[profile]\"; filename=\"user1.jpeg\"\r\nContent-Type: image/jpeg\r\n">}, "commit"=>"Sign Up"}
  [1m[35m (0.1ms)[0m  [1m[35mBEGIN[0m
  ↳ app/controllers/users_controller.rb:12
  [1m[36mUser Create (0.7ms)[0m  [1m[32mINSERT INTO "users" ("name", "gender", "profile", "address", "created_at", "updated_at") VALUES ($1, $2, $3, $4, $5, $6) RETURNING "id"[0m  [["name", "Raj"], ["gender", "Male"], ["profile", "user1.jpeg"], ["address", "Faridabad"], ["created_at", "2022-07-14 08:29:00.548625"], ["updated_at", "2022-07-14 08:29:00.548625"]]
  ↳ app/controllers/users_controller.rb:12
  [1m[35m (0.4ms)[0m  [1m[35mCOMMIT[0m
  ↳ app/controllers/users_controller.rb:12
Redirected to http://localhost:3000/
Completed 200 OK in 16ms (ActiveRecord: 4.4ms)


Started GET "/" for ::1 at 2022-07-14 13:59:00 +0530
Processing by UsersController#index as HTML
  Rendering users/index.html.erb within layouts/application
  [1m[36mUser Load (0.2ms)[0m  [1m[34mSELECT "users".* FROM "users"[0m
  ↳ app/views/users/index.html.erb:14
  Rendered users/index.html.erb within layouts/application (1.5ms)
Completed 500 Internal Server Error in 3ms (ActiveRecord: 0.2ms)


  
ActionView::Template::Error (Version thumb doesn't exist!):
    16:         <td><%= user.name %></td>
    17:         <td><%= user.gender %></td>
    18:         <td><%= user.address %></td>
    19:         <td><%= image_tag(user.profile_url(:thumb).to_s) %></td>
    20:       </tr>
    21:     <% end %>
    22:   </tbody>
  
app/views/users/index.html.erb:19:in `block in _app_views_users_index_html_erb___1690519572359736574_16380'
app/views/users/index.html.erb:14:in `_app_views_users_index_html_erb___1690519572359736574_16380'
Started GET "/" for ::1 at 2022-07-14 13:59:24 +0530
Processing by UsersController#index as HTML
  Rendering users/index.html.erb within layouts/application
  [1m[36mUser Load (0.2ms)[0m  [1m[34mSELECT "users".* FROM "users"[0m
  ↳ app/views/users/index.html.erb:14
  Rendered users/index.html.erb within layouts/application (1.2ms)
Completed 200 OK in 8ms (Views: 7.7ms | ActiveRecord: 0.2ms)


Started GET "/users/sign_up" for ::1 at 2022-07-14 13:59:51 +0530
Processing by UsersController#sign_up as HTML
  Rendering users/sign_up.html.erb within layouts/application
  Rendered users/sign_up.html.erb within layouts/application (1.9ms)
Completed 200 OK in 8ms (Views: 7.7ms | ActiveRecord: 0.0ms)


Started POST "/users/create" for ::1 at 2022-07-14 14:00:13 +0530
Processing by UsersController#create as JS
  Parameters: {"utf8"=>"✓", "authenticity_token"=>"lQe4huz5ibVz4n1MOJmXk2W1SAk1XViQ3Xs6xp8mVNLM6kgMxhboJUZhIgTKOpDP3AqMb1o19Szy5YYhYFHnHw==", "user"=>{"name"=>"Geeta", "gender"=>"Female", "address"=>"Sarita Vihar", "profile"=>#<ActionDispatch::Http::UploadedFile:0x00007fc4a8cf3928 @tempfile=#<Tempfile:/tmp/RackMultipart20220714-7319-1c4e1he.jpeg>, @original_filename="user.jpeg", @content_type="image/jpeg", @headers="Content-Disposition: form-data; name=\"user[profile]\"; filename=\"user.jpeg\"\r\nContent-Type: image/jpeg\r\n">}, "commit"=>"Sign Up"}
  [1m[35m (0.1ms)[0m  [1m[35mBEGIN[0m
  ↳ app/controllers/users_controller.rb:12
  [1m[36mUser Create (0.2ms)[0m  [1m[32mINSERT INTO "users" ("name", "gender", "profile", "address", "created_at", "updated_at") VALUES ($1, $2, $3, $4, $5, $6) RETURNING "id"[0m  [["name", "Geeta"], ["gender", "Female"], ["profile", "user.jpeg"], ["address", "Sarita Vihar"], ["created_at", "2022-07-14 08:30:13.128201"], ["updated_at", "2022-07-14 08:30:13.128201"]]
  ↳ app/controllers/users_controller.rb:12
  [1m[35m (0.3ms)[0m  [1m[35mCOMMIT[0m
  ↳ app/controllers/users_controller.rb:12
Redirected to http://localhost:3000/
Completed 200 OK in 4ms (ActiveRecord: 0.6ms)


Started GET "/" for ::1 at 2022-07-14 14:00:13 +0530
Processing by UsersController#index as HTML
  Rendering users/index.html.erb within layouts/application
  [1m[36mUser Load (0.2ms)[0m  [1m[34mSELECT "users".* FROM "users"[0m
  ↳ app/views/users/index.html.erb:14
  Rendered users/index.html.erb within layouts/application (1.5ms)
Completed 200 OK in 8ms (Views: 7.4ms | ActiveRecord: 0.2ms)


Started GET "/" for ::1 at 2022-07-14 14:11:02 +0530
Processing by UsersController#index as HTML
  Rendering users/index.html.erb within layouts/application
  [1m[36mUser Load (0.3ms)[0m  [1m[34mSELECT "users".* FROM "users"[0m
  ↳ app/views/users/index.html.erb:14
  Rendered users/index.html.erb within layouts/application (5.9ms)
Completed 200 OK in 33ms (Views: 9.5ms | ActiveRecord: 2.6ms)


Started GET "/uploads/user/profile/3/thumb_user1.jpeg" for ::1 at 2022-07-14 14:11:02 +0530
Started GET "/uploads/user/profile/4/thumb_user.jpeg" for ::1 at 2022-07-14 14:11:02 +0530
  
ActionController::RoutingError (No route matches [GET] "/uploads/user/profile/3/thumb_user1.jpeg"):
  
actionpack (5.2.8.1) lib/action_dispatch/middleware/debug_exceptions.rb:65:in `call'
web-console (3.7.0) lib/web_console/middleware.rb:135:in `call_app'
web-console (3.7.0) lib/web_console/middleware.rb:30:in `block in call'
web-console (3.7.0) lib/web_console/middleware.rb:20:in `catch'
web-console (3.7.0) lib/web_console/middleware.rb:20:in `call'
actionpack (5.2.8.1) lib/action_dispatch/middleware/show_exceptions.rb:33:in `call'
railties (5.2.8.1) lib/rails/rack/logger.rb:38:in `call_app'
railties (5.2.8.1) lib/rails/rack/logger.rb:26:in `block in call'
activesupport (5.2.8.1) lib/active_support/tagged_logging.rb:71:in `block in tagged'
activesupport (5.2.8.1) lib/active_support/tagged_logging.rb:28:in `tagged'
activesupport (5.2.8.1) lib/active_support/tagged_logging.rb:71:in `tagged'
railties (5.2.8.1) lib/rails/rack/logger.rb:26:in `call'
sprockets-rails (3.4.2) lib/sprockets/rails/quiet_assets.rb:13:in `call'
actionpack (5.2.8.1) lib/action_dispatch/middleware/remote_ip.rb:81:in `call'
actionpack (5.2.8.1) lib/action_dispatch/middleware/request_id.rb:27:in `call'
rack (2.2.4) lib/rack/method_override.rb:24:in `call'
rack (2.2.4) lib/rack/runtime.rb:22:in `call'
activesupport (5.2.8.1) lib/active_support/cache/strategy/local_cache_middleware.rb:29:in `call'
actionpack (5.2.8.1) lib/action_dispatch/middleware/executor.rb:14:in `call'
actionpack (5.2.8.1) lib/action_dispatch/middleware/static.rb:127:in `call'
rack (2.2.4) lib/rack/sendfile.rb:110:in `call'
railties (5.2.8.1) lib/rails/engine.rb:524:in `call'
puma (3.12.6) lib/puma/configuration.rb:227:in `call'
puma (3.12.6) lib/puma/server.rb:706:in `handle_request'
puma (3.12.6) lib/puma/server.rb:476:in `process_client'
puma (3.12.6) lib/puma/server.rb:334:in `block in run'
puma (3.12.6) lib/puma/thread_pool.rb:135:in `block in spawn_thread'
  
ActionController::RoutingError (No route matches [GET] "/uploads/user/profile/4/thumb_user.jpeg"):
  
actionpack (5.2.8.1) lib/action_dispatch/middleware/debug_exceptions.rb:65:in `call'
web-console (3.7.0) lib/web_console/middleware.rb:135:in `call_app'
web-console (3.7.0) lib/web_console/middleware.rb:30:in `block in call'
web-console (3.7.0) lib/web_console/middleware.rb:20:in `catch'
web-console (3.7.0) lib/web_console/middleware.rb:20:in `call'
actionpack (5.2.8.1) lib/action_dispatch/middleware/show_exceptions.rb:33:in `call'
railties (5.2.8.1) lib/rails/rack/logger.rb:38:in `call_app'
railties (5.2.8.1) lib/rails/rack/logger.rb:26:in `block in call'
activesupport (5.2.8.1) lib/active_support/tagged_logging.rb:71:in `block in tagged'
activesupport (5.2.8.1) lib/active_support/tagged_logging.rb:28:in `tagged'
activesupport (5.2.8.1) lib/active_support/tagged_logging.rb:71:in `tagged'
railties (5.2.8.1) lib/rails/rack/logger.rb:26:in `call'
sprockets-rails (3.4.2) lib/sprockets/rails/quiet_assets.rb:13:in `call'
actionpack (5.2.8.1) lib/action_dispatch/middleware/remote_ip.rb:81:in `call'
actionpack (5.2.8.1) lib/action_dispatch/middleware/request_id.rb:27:in `call'
rack (2.2.4) lib/rack/method_override.rb:24:in `call'
rack (2.2.4) lib/rack/runtime.rb:22:in `call'
activesupport (5.2.8.1) lib/active_support/cache/strategy/local_cache_middleware.rb:29:in `call'
actionpack (5.2.8.1) lib/action_dispatch/middleware/executor.rb:14:in `call'
actionpack (5.2.8.1) lib/action_dispatch/middleware/static.rb:127:in `call'
rack (2.2.4) lib/rack/sendfile.rb:110:in `call'
railties (5.2.8.1) lib/rails/engine.rb:524:in `call'
puma (3.12.6) lib/puma/configuration.rb:227:in `call'
puma (3.12.6) lib/puma/server.rb:706:in `handle_request'
puma (3.12.6) lib/puma/server.rb:476:in `process_client'
puma (3.12.6) lib/puma/server.rb:334:in `block in run'
puma (3.12.6) lib/puma/thread_pool.rb:135:in `block in spawn_thread'
  [1m[36mUser Load (0.3ms)[0m  [1m[34mSELECT  "users".* FROM "users" WHERE "users"."id" = $1 LIMIT $2[0m  [["id", 3], ["LIMIT", 1]]
  [1m[35m (0.1ms)[0m  [1m[35mBEGIN[0m
  [1m[36mUser Destroy (0.2ms)[0m  [1m[31mDELETE FROM "users" WHERE "users"."id" = $1[0m  [["id", 3]]
  [1m[35m (0.4ms)[0m  [1m[35mCOMMIT[0m
  [1m[36mUser Load (0.7ms)[0m  [1m[34mSELECT  "users".* FROM "users" WHERE "users"."id" = $1 LIMIT $2[0m  [["id", 4], ["LIMIT", 1]]
  [1m[35m (0.3ms)[0m  [1m[35mBEGIN[0m
  [1m[36mUser Destroy (0.6ms)[0m  [1m[31mDELETE FROM "users" WHERE "users"."id" = $1[0m  [["id", 4]]
  [1m[35m (6.8ms)[0m  [1m[35mCOMMIT[0m
Started GET "/" for ::1 at 2022-07-14 14:14:16 +0530
Processing by UsersController#index as HTML
  Rendering users/index.html.erb within layouts/application
  [1m[36mUser Load (0.4ms)[0m  [1m[34mSELECT "users".* FROM "users"[0m
  ↳ app/views/users/index.html.erb:14
  Rendered users/index.html.erb within layouts/application (1.3ms)
Completed 200 OK in 8ms (Views: 7.1ms | ActiveRecord: 0.4ms)


Started GET "/users/sign_up" for ::1 at 2022-07-14 14:14:23 +0530
Processing by UsersController#sign_up as HTML
  Rendering users/sign_up.html.erb within layouts/application
  Rendered users/sign_up.html.erb within layouts/application (1.4ms)
Completed 200 OK in 9ms (Views: 8.5ms | ActiveRecord: 0.0ms)


Started POST "/users/create" for ::1 at 2022-07-14 14:14:41 +0530
Processing by UsersController#create as JS
  Parameters: {"utf8"=>"✓", "authenticity_token"=>"IIjTWQlpmTXV3r9VaxylgUyI0qrJ576yTxaanDeXY1B5ZSPTI4b4peBd4B2Zv6Ld9TcWzKaPEw5giCZ7yODQnQ==", "user"=>{"name"=>"Meet", "gender"=>"Male", "address"=>"Faridabad", "profile"=>#<ActionDispatch::Http::UploadedFile:0x00007fc4b81e6750 @tempfile=#<Tempfile:/tmp/RackMultipart20220714-7319-1bsnemw.jpeg>, @original_filename="user1.jpeg", @content_type="image/jpeg", @headers="Content-Disposition: form-data; name=\"user[profile]\"; filename=\"user1.jpeg\"\r\nContent-Type: image/jpeg\r\n">}, "commit"=>"Sign Up"}
  [1m[35m (0.1ms)[0m  [1m[35mBEGIN[0m
  ↳ app/controllers/users_controller.rb:12
  [1m[35m (0.1ms)[0m  [1m[31mROLLBACK[0m
  ↳ app/controllers/users_controller.rb:12
  Rendering users/sign_up.html.erb within layouts/application
  Rendered users/sign_up.html.erb within layouts/application (1.3ms)
Completed 200 OK in 12ms (Views: 8.4ms | ActiveRecord: 0.2ms)


Started POST "/users/create" for ::1 at 2022-07-14 14:16:35 +0530
  [1m[35m (0.2ms)[0m  [1m[34mSELECT "schema_migrations"."version" FROM "schema_migrations" ORDER BY "schema_migrations"."version" ASC[0m
  ↳ /home/itsacheckmate/.rvm/gems/ruby-2.7.0/gems/activerecord-5.2.8.1/lib/active_record/log_subscriber.rb:98
Processing by UsersController#create as JS
  Parameters: {"utf8"=>"✓", "authenticity_token"=>"IIjTWQlpmTXV3r9VaxylgUyI0qrJ576yTxaanDeXY1B5ZSPTI4b4peBd4B2Zv6Ld9TcWzKaPEw5giCZ7yODQnQ==", "user"=>{"name"=>"Meet", "gender"=>"Male", "address"=>"Faridabad", "profile"=>#<ActionDispatch::Http::UploadedFile:0x00007f9ef0bd01c8 @tempfile=#<Tempfile:/tmp/RackMultipart20220714-12087-p0u95j.jpeg>, @original_filename="user1.jpeg", @content_type="image/jpeg", @headers="Content-Disposition: form-data; name=\"user[profile]\"; filename=\"user1.jpeg\"\r\nContent-Type: image/jpeg\r\n">}, "commit"=>"Sign Up"}
  [1m[35m (0.1ms)[0m  [1m[35mBEGIN[0m
  ↳ app/controllers/users_controller.rb:12
  [1m[35m (0.1ms)[0m  [1m[31mROLLBACK[0m
  ↳ app/controllers/users_controller.rb:12
  Rendering users/sign_up.html.erb within layouts/application
  Rendered users/sign_up.html.erb within layouts/application (39.5ms)
Completed 200 OK in 151ms (Views: 138.7ms | ActiveRecord: 2.2ms)


Started GET "/users/sign_up" for ::1 at 2022-07-14 14:17:58 +0530
Processing by UsersController#sign_up as HTML
  Rendering users/sign_up.html.erb within layouts/application
  Rendered users/sign_up.html.erb within layouts/application (2.9ms)
Completed 200 OK in 22ms (Views: 21.8ms | ActiveRecord: 0.0ms)


Started GET "/users/sign_up" for ::1 at 2022-07-14 14:17:58 +0530
Processing by UsersController#sign_up as HTML
  Rendering users/sign_up.html.erb within layouts/application
  Rendered users/sign_up.html.erb within layouts/application (1.2ms)
Completed 200 OK in 8ms (Views: 7.7ms | ActiveRecord: 0.0ms)


Started POST "/users/create" for ::1 at 2022-07-14 14:18:20 +0530
Processing by UsersController#create as JS
  Parameters: {"utf8"=>"✓", "authenticity_token"=>"KqFzSeYndaLpeI+1x4FJbjE9PhzdaLIuzFt/8jmqmIgrTBZV5AAqTPLY9ID55qRVyFzOBAm1rVoK0mcmbook4Q==", "user"=>{"name"=>"Meera", "gender"=>"Female", "address"=>"Faridabad", "profile"=>#<ActionDispatch::Http::UploadedFile:0x00007f9ef216b708 @tempfile=#<Tempfile:/tmp/RackMultipart20220714-12087-bffldx.jpeg>, @original_filename="user.jpeg", @content_type="image/jpeg", @headers="Content-Disposition: form-data; name=\"user[profile]\"; filename=\"user.jpeg\"\r\nContent-Type: image/jpeg\r\n">}, "commit"=>"Sign Up"}
  [1m[35m (0.1ms)[0m  [1m[35mBEGIN[0m
  ↳ app/controllers/users_controller.rb:12
  [1m[35m (0.0ms)[0m  [1m[31mROLLBACK[0m
  ↳ app/controllers/users_controller.rb:12
  Rendering users/sign_up.html.erb within layouts/application
  Rendered users/sign_up.html.erb within layouts/application (1.4ms)
Completed 200 OK in 11ms (Views: 8.0ms | ActiveRecord: 0.1ms)


Started GET "/users/sign_up" for ::1 at 2022-07-14 14:20:23 +0530
  [1m[35m (0.2ms)[0m  [1m[34mSELECT "schema_migrations"."version" FROM "schema_migrations" ORDER BY "schema_migrations"."version" ASC[0m
  ↳ /home/itsacheckmate/.rvm/gems/ruby-2.7.0/gems/activerecord-5.2.8.1/lib/active_record/log_subscriber.rb:98
Processing by UsersController#sign_up as HTML
  Rendering users/sign_up.html.erb within layouts/application
  Rendered users/sign_up.html.erb within layouts/application (41.0ms)
Completed 200 OK in 145ms (Views: 137.1ms | ActiveRecord: 1.5ms)


Started POST "/users/create" for ::1 at 2022-07-14 14:21:14 +0530
Processing by UsersController#create as JS
  Parameters: {"utf8"=>"✓", "authenticity_token"=>"WPtT5Y7GYSOEKIUuQNRaonyqyviPRcLmg3D8TjPBPIdZFjb5jOE+zZ+I/ht+s7eZhcs64FuY3ZJF+eSaZOGA7g==", "user"=>{"name"=>"Meera", "gender"=>"Male", "address"=>"Faridabad"}, "commit"=>"Sign Up"}
  [1m[35m (0.1ms)[0m  [1m[35mBEGIN[0m
  ↳ app/controllers/users_controller.rb:12
  [1m[36mUser Create (0.4ms)[0m  [1m[32mINSERT INTO "users" ("name", "gender", "address", "created_at", "updated_at") VALUES ($1, $2, $3, $4, $5) RETURNING "id"[0m  [["name", "Meera"], ["gender", "Male"], ["address", "Faridabad"], ["created_at", "2022-07-14 08:51:14.212982"], ["updated_at", "2022-07-14 08:51:14.212982"]]
  ↳ app/controllers/users_controller.rb:12
  [1m[35m (0.4ms)[0m  [1m[35mCOMMIT[0m
  ↳ app/controllers/users_controller.rb:12
Redirected to http://localhost:3000/
Completed 200 OK in 4ms (ActiveRecord: 1.0ms)


Started GET "/" for ::1 at 2022-07-14 14:21:14 +0530
Processing by UsersController#index as HTML
  Rendering users/index.html.erb within layouts/application
  [1m[36mUser Load (0.3ms)[0m  [1m[34mSELECT "users".* FROM "users"[0m
  ↳ app/views/users/index.html.erb:14
  Rendered users/index.html.erb within layouts/application (2.8ms)
Completed 200 OK in 21ms (Views: 19.7ms | ActiveRecord: 0.3ms)


Started GET "/users/sign_up" for ::1 at 2022-07-14 14:21:19 +0530
Processing by UsersController#sign_up as HTML
  Rendering users/sign_up.html.erb within layouts/application
  Rendered users/sign_up.html.erb within layouts/application (1.6ms)
Completed 200 OK in 8ms (Views: 7.3ms | ActiveRecord: 0.0ms)


Started POST "/users/create" for ::1 at 2022-07-14 14:21:40 +0530
Processing by UsersController#create as JS
  Parameters: {"utf8"=>"✓", "authenticity_token"=>"9QgQs3vgV2g0XX/ECtTGqlBqjv7k4VteiGA43N1MBtus5eA5UQ82+AHeIIz4d8H26dVKmIuJ9uKn/oQ7Iju1Fg==", "user"=>{"name"=>"Ria", "gender"=>"Female", "address"=>"Faridabad", "profile"=>#<ActionDispatch::Http::UploadedFile:0x00007fdd3c01d260 @tempfile=#<Tempfile:/tmp/RackMultipart20220714-12297-1bfukcm.jpeg>, @original_filename="user.jpeg", @content_type="image/jpeg", @headers="Content-Disposition: form-data; name=\"user[profile]\"; filename=\"user.jpeg\"\r\nContent-Type: image/jpeg\r\n">}, "commit"=>"Sign Up"}
  [1m[35m (0.1ms)[0m  [1m[35mBEGIN[0m
  ↳ app/controllers/users_controller.rb:12
  [1m[35m (0.1ms)[0m  [1m[31mROLLBACK[0m
  ↳ app/controllers/users_controller.rb:12
  Rendering users/sign_up.html.erb within layouts/application
  Rendered users/sign_up.html.erb within layouts/application (1.1ms)
Completed 200 OK in 15ms (Views: 9.4ms | ActiveRecord: 0.2ms)


Started GET "/" for ::1 at 2022-07-14 14:23:45 +0530
Processing by UsersController#index as HTML
  Rendering users/index.html.erb within layouts/application
  [1m[36mUser Load (0.1ms)[0m  [1m[34mSELECT "users".* FROM "users"[0m
  ↳ app/views/users/index.html.erb:14
  Rendered users/index.html.erb within layouts/application (0.9ms)
Completed 200 OK in 7ms (Views: 6.4ms | ActiveRecord: 0.1ms)


Started GET "/users/sign_up" for ::1 at 2022-07-14 14:23:47 +0530
Processing by UsersController#sign_up as HTML
  Rendering users/sign_up.html.erb within layouts/application
  Rendered users/sign_up.html.erb within layouts/application (1.3ms)
Completed 200 OK in 8ms (Views: 7.0ms | ActiveRecord: 0.0ms)


Started POST "/users/create" for ::1 at 2022-07-14 14:24:02 +0530
Processing by UsersController#create as JS
  Parameters: {"utf8"=>"✓", "authenticity_token"=>"Zy6gmA0/sw038watALsQjhZLhd8PrQ7wa0sXzHLRY7I+w1ASJ9DSnQJwWeXyGBfSr/RBuWDFo0xE1asrjabQfw==", "user"=>{"name"=>"Ria", "gender"=>"Female", "address"=>"Delhi", "profile"=>#<ActionDispatch::Http::UploadedFile:0x00007fdd3c184720 @tempfile=#<Tempfile:/tmp/RackMultipart20220714-12297-11afeu.jpeg>, @original_filename="user.jpeg", @content_type="image/jpeg", @headers="Content-Disposition: form-data; name=\"user[profile]\"; filename=\"user.jpeg\"\r\nContent-Type: image/jpeg\r\n">}, "commit"=>"Sign Up"}
  [1m[35m (0.1ms)[0m  [1m[35mBEGIN[0m
  ↳ app/controllers/users_controller.rb:12
  [1m[35m (0.1ms)[0m  [1m[31mROLLBACK[0m
  ↳ app/controllers/users_controller.rb:12
  Rendering users/sign_up.html.erb within layouts/application
  Rendered users/sign_up.html.erb within layouts/application (1.1ms)
Completed 200 OK in 10ms (Views: 7.5ms | ActiveRecord: 0.1ms)


Started POST "/users/create" for ::1 at 2022-07-14 14:24:03 +0530
Processing by UsersController#create as JS
  Parameters: {"utf8"=>"✓", "authenticity_token"=>"Zy6gmA0/sw038watALsQjhZLhd8PrQ7wa0sXzHLRY7I+w1ASJ9DSnQJwWeXyGBfSr/RBuWDFo0xE1asrjabQfw==", "user"=>{"name"=>"Ria", "gender"=>"Female", "address"=>"Delhi", "profile"=>#<ActionDispatch::Http::UploadedFile:0x00007fdd52137158 @tempfile=#<Tempfile:/tmp/RackMultipart20220714-12297-17dvbgo.jpeg>, @original_filename="user.jpeg", @content_type="image/jpeg", @headers="Content-Disposition: form-data; name=\"user[profile]\"; filename=\"user.jpeg\"\r\nContent-Type: image/jpeg\r\n">}, "commit"=>"Sign Up"}
  [1m[35m (0.1ms)[0m  [1m[35mBEGIN[0m
  ↳ app/controllers/users_controller.rb:12
  [1m[35m (0.1ms)[0m  [1m[31mROLLBACK[0m
  ↳ app/controllers/users_controller.rb:12
  Rendering users/sign_up.html.erb within layouts/application
  Rendered users/sign_up.html.erb within layouts/application (1.2ms)
Completed 200 OK in 10ms (Views: 7.6ms | ActiveRecord: 0.2ms)


Started POST "/users/create" for ::1 at 2022-07-14 14:24:03 +0530
Processing by UsersController#create as JS
  Parameters: {"utf8"=>"✓", "authenticity_token"=>"Zy6gmA0/sw038watALsQjhZLhd8PrQ7wa0sXzHLRY7I+w1ASJ9DSnQJwWeXyGBfSr/RBuWDFo0xE1asrjabQfw==", "user"=>{"name"=>"Ria", "gender"=>"Female", "address"=>"Delhi", "profile"=>#<ActionDispatch::Http::UploadedFile:0x00007fdd442be368 @tempfile=#<Tempfile:/tmp/RackMultipart20220714-12297-1gatdvt.jpeg>, @original_filename="user.jpeg", @content_type="image/jpeg", @headers="Content-Disposition: form-data; name=\"user[profile]\"; filename=\"user.jpeg\"\r\nContent-Type: image/jpeg\r\n">}, "commit"=>"Sign Up"}
  [1m[35m (0.1ms)[0m  [1m[35mBEGIN[0m
  ↳ app/controllers/users_controller.rb:12
  [1m[35m (0.1ms)[0m  [1m[31mROLLBACK[0m
  ↳ app/controllers/users_controller.rb:12
  Rendering users/sign_up.html.erb within layouts/application
  Rendered users/sign_up.html.erb within layouts/application (1.1ms)
Completed 200 OK in 10ms (Views: 7.5ms | ActiveRecord: 0.2ms)


Started POST "/users/create" for ::1 at 2022-07-14 14:24:03 +0530
Processing by UsersController#create as JS
  Parameters: {"utf8"=>"✓", "authenticity_token"=>"Zy6gmA0/sw038watALsQjhZLhd8PrQ7wa0sXzHLRY7I+w1ASJ9DSnQJwWeXyGBfSr/RBuWDFo0xE1asrjabQfw==", "user"=>{"name"=>"Ria", "gender"=>"Female", "address"=>"Delhi", "profile"=>#<ActionDispatch::Http::UploadedFile:0x00007fdd44400eb0 @tempfile=#<Tempfile:/tmp/RackMultipart20220714-12297-17txgqi.jpeg>, @original_filename="user.jpeg", @content_type="image/jpeg", @headers="Content-Disposition: form-data; name=\"user[profile]\"; filename=\"user.jpeg\"\r\nContent-Type: image/jpeg\r\n">}, "commit"=>"Sign Up"}
  [1m[35m (0.1ms)[0m  [1m[35mBEGIN[0m
  ↳ app/controllers/users_controller.rb:12
  [1m[35m (0.0ms)[0m  [1m[31mROLLBACK[0m
  ↳ app/controllers/users_controller.rb:12
  Rendering users/sign_up.html.erb within layouts/application
  Rendered users/sign_up.html.erb within layouts/application (1.4ms)
Completed 200 OK in 11ms (Views: 8.0ms | ActiveRecord: 0.1ms)


Started POST "/users/create" for ::1 at 2022-07-14 14:24:03 +0530
Processing by UsersController#create as JS
  Parameters: {"utf8"=>"✓", "authenticity_token"=>"Zy6gmA0/sw038watALsQjhZLhd8PrQ7wa0sXzHLRY7I+w1ASJ9DSnQJwWeXyGBfSr/RBuWDFo0xE1asrjabQfw==", "user"=>{"name"=>"Ria", "gender"=>"Female", "address"=>"Delhi", "profile"=>#<ActionDispatch::Http::UploadedFile:0x00007fdd4c234160 @tempfile=#<Tempfile:/tmp/RackMultipart20220714-12297-1sf6p8q.jpeg>, @original_filename="user.jpeg", @content_type="image/jpeg", @headers="Content-Disposition: form-data; name=\"user[profile]\"; filename=\"user.jpeg\"\r\nContent-Type: image/jpeg\r\n">}, "commit"=>"Sign Up"}
  [1m[35m (0.2ms)[0m  [1m[35mBEGIN[0m
  ↳ app/controllers/users_controller.rb:12
  [1m[35m (0.0ms)[0m  [1m[31mROLLBACK[0m
  ↳ app/controllers/users_controller.rb:12
  Rendering users/sign_up.html.erb within layouts/application
  Rendered users/sign_up.html.erb within layouts/application (1.2ms)
Completed 200 OK in 11ms (Views: 8.5ms | ActiveRecord: 0.2ms)


Started POST "/users/create" for ::1 at 2022-07-14 14:24:04 +0530
Processing by UsersController#create as JS
  Parameters: {"utf8"=>"✓", "authenticity_token"=>"Zy6gmA0/sw038watALsQjhZLhd8PrQ7wa0sXzHLRY7I+w1ASJ9DSnQJwWeXyGBfSr/RBuWDFo0xE1asrjabQfw==", "user"=>{"name"=>"Ria", "gender"=>"Female", "address"=>"Delhi", "profile"=>#<ActionDispatch::Http::UploadedFile:0x00007fdd54137e80 @tempfile=#<Tempfile:/tmp/RackMultipart20220714-12297-11j6rqd.jpeg>, @original_filename="user.jpeg", @content_type="image/jpeg", @headers="Content-Disposition: form-data; name=\"user[profile]\"; filename=\"user.jpeg\"\r\nContent-Type: image/jpeg\r\n">}, "commit"=>"Sign Up"}
  [1m[35m (0.1ms)[0m  [1m[35mBEGIN[0m
  ↳ app/controllers/users_controller.rb:12
  [1m[35m (0.0ms)[0m  [1m[31mROLLBACK[0m
  ↳ app/controllers/users_controller.rb:12
  Rendering users/sign_up.html.erb within layouts/application
  Rendered users/sign_up.html.erb within layouts/application (1.2ms)
Completed 200 OK in 10ms (Views: 7.7ms | ActiveRecord: 0.1ms)


Started POST "/users/create" for ::1 at 2022-07-14 14:24:04 +0530
Processing by UsersController#create as JS
  Parameters: {"utf8"=>"✓", "authenticity_token"=>"Zy6gmA0/sw038watALsQjhZLhd8PrQ7wa0sXzHLRY7I+w1ASJ9DSnQJwWeXyGBfSr/RBuWDFo0xE1asrjabQfw==", "user"=>{"name"=>"Ria", "gender"=>"Female", "address"=>"Delhi", "profile"=>#<ActionDispatch::Http::UploadedFile:0x00007fdd5428e3b0 @tempfile=#<Tempfile:/tmp/RackMultipart20220714-12297-rx6ib9.jpeg>, @original_filename="user.jpeg", @content_type="image/jpeg", @headers="Content-Disposition: form-data; name=\"user[profile]\"; filename=\"user.jpeg\"\r\nContent-Type: image/jpeg\r\n">}, "commit"=>"Sign Up"}
  [1m[35m (0.2ms)[0m  [1m[35mBEGIN[0m
  ↳ app/controllers/users_controller.rb:12
  [1m[35m (0.1ms)[0m  [1m[31mROLLBACK[0m
  ↳ app/controllers/users_controller.rb:12
  Rendering users/sign_up.html.erb within layouts/application
  Rendered users/sign_up.html.erb within layouts/application (2.1ms)
Completed 200 OK in 22ms (Views: 14.4ms | ActiveRecord: 0.3ms)


Started POST "/users/create" for ::1 at 2022-07-14 14:28:29 +0530
Processing by UsersController#create as JS
  Parameters: {"utf8"=>"✓", "authenticity_token"=>"Zy6gmA0/sw038watALsQjhZLhd8PrQ7wa0sXzHLRY7I+w1ASJ9DSnQJwWeXyGBfSr/RBuWDFo0xE1asrjabQfw==", "user"=>{"name"=>"Ria", "gender"=>"Female", "address"=>"Delhi", "profile"=>#<ActionDispatch::Http::UploadedFile:0x00007fdd51f865e8 @tempfile=#<Tempfile:/tmp/RackMultipart20220714-12297-tq79gk.jpeg>, @original_filename="user.jpeg", @content_type="image/jpeg", @headers="Content-Disposition: form-data; name=\"user[profile]\"; filename=\"user.jpeg\"\r\nContent-Type: image/jpeg\r\n">}, "commit"=>"Sign Up"}
  [1m[35m (0.0ms)[0m  [1m[35mBEGIN[0m
  ↳ app/controllers/users_controller.rb:12
  [1m[36mUser Create (0.2ms)[0m  [1m[32mINSERT INTO "users" ("name", "gender", "profile", "address", "created_at", "updated_at") VALUES ($1, $2, $3, $4, $5, $6) RETURNING "id"[0m  [["name", "Ria"], ["gender", "Female"], ["profile", "user.jpeg"], ["address", "Delhi"], ["created_at", "2022-07-14 08:58:29.475147"], ["updated_at", "2022-07-14 08:58:29.475147"]]
  ↳ app/controllers/users_controller.rb:12
  [1m[35m (0.6ms)[0m  [1m[35mCOMMIT[0m
  ↳ app/controllers/users_controller.rb:12
Redirected to http://localhost:3000/
Completed 200 OK in 10ms (ActiveRecord: 2.3ms)


Started GET "/" for ::1 at 2022-07-14 14:28:29 +0530
Processing by UsersController#index as HTML
  Rendering users/index.html.erb within layouts/application
  [1m[36mUser Load (0.1ms)[0m  [1m[34mSELECT "users".* FROM "users"[0m
  ↳ app/views/users/index.html.erb:14
  Rendered users/index.html.erb within layouts/application (1.9ms)
Completed 500 Internal Server Error in 4ms (ActiveRecord: 0.1ms)


  
ActionView::Template::Error (Version thumb doesn't exist!):
    16:         <td><%= user.name %></td>
    17:         <td><%= user.gender %></td>
    18:         <td><%= user.address %></td>
    19:         <td><%= image_tag(user.profile_url(:thumb).to_s) %></td>
    20:       </tr>
    21:     <% end %>
    22:   </tbody>
  
app/views/users/index.html.erb:19:in `block in _app_views_users_index_html_erb___4499490642017877177_17200'
app/views/users/index.html.erb:14:in `_app_views_users_index_html_erb___4499490642017877177_17200'
Started GET "/" for ::1 at 2022-07-14 14:29:03 +0530
Processing by UsersController#index as HTML
  Rendering users/index.html.erb within layouts/application
  [1m[36mUser Load (0.2ms)[0m  [1m[34mSELECT "users".* FROM "users"[0m
  ↳ app/views/users/index.html.erb:14
  Rendered users/index.html.erb within layouts/application (1.1ms)
Completed 200 OK in 9ms (Views: 8.1ms | ActiveRecord: 0.2ms)


Started GET "/" for ::1 at 2022-07-14 14:30:00 +0530
Processing by UsersController#index as HTML
  Rendering users/index.html.erb within layouts/application
  [1m[36mUser Load (0.4ms)[0m  [1m[34mSELECT "users".* FROM "users"[0m
  ↳ app/views/users/index.html.erb:14
  Rendered users/index.html.erb within layouts/application (5.9ms)
Completed 200 OK in 14ms (Views: 9.9ms | ActiveRecord: 1.9ms)


Started GET "/" for ::1 at 2022-07-14 14:30:01 +0530
Processing by UsersController#index as HTML
  Rendering users/index.html.erb within layouts/application
  [1m[36mUser Load (0.2ms)[0m  [1m[34mSELECT "users".* FROM "users"[0m
  ↳ app/views/users/index.html.erb:14
  Rendered users/index.html.erb within layouts/application (1.2ms)
Completed 200 OK in 8ms (Views: 7.1ms | ActiveRecord: 0.2ms)


Started GET "/users/sign_up" for ::1 at 2022-07-14 14:30:03 +0530
Processing by UsersController#sign_up as HTML
  Rendering users/sign_up.html.erb within layouts/application
  Rendered users/sign_up.html.erb within layouts/application (2.7ms)
Completed 200 OK in 12ms (Views: 10.7ms | ActiveRecord: 0.0ms)


Started POST "/users/create" for ::1 at 2022-07-14 14:30:10 +0530
Processing by UsersController#create as JS
  Parameters: {"utf8"=>"✓", "authenticity_token"=>"x5J92PpyuF8vYrT/rPLiAyb99utNXiFHowtC/4b0rq2ef41S0J3Zzxrh67deUeVfn0IyjSI2jPuMlf4YeYMdYA==", "user"=>{"name"=>"Meera", "address"=>"", "profile"=>#<ActionDispatch::Http::UploadedFile:0x00007fdd54017118 @tempfile=#<Tempfile:/tmp/RackMultipart20220714-12297-ndbo2u.jpeg>, @original_filename="user1.jpeg", @content_type="image/jpeg", @headers="Content-Disposition: form-data; name=\"user[profile]\"; filename=\"user1.jpeg\"\r\nContent-Type: image/jpeg\r\n">}, "commit"=>"Sign Up"}
  [1m[35m (0.1ms)[0m  [1m[35mBEGIN[0m
  ↳ app/controllers/users_controller.rb:12
  [1m[35m (0.0ms)[0m  [1m[31mROLLBACK[0m
  ↳ app/controllers/users_controller.rb:12
  Rendering users/sign_up.html.erb within layouts/application
  Rendered users/sign_up.html.erb within layouts/application (1.1ms)
Completed 200 OK in 10ms (Views: 8.0ms | ActiveRecord: 0.1ms)


Started POST "/users/create" for ::1 at 2022-07-14 14:32:37 +0530
  [1m[35m (0.4ms)[0m  [1m[34mSELECT "schema_migrations"."version" FROM "schema_migrations" ORDER BY "schema_migrations"."version" ASC[0m
  ↳ /home/itsacheckmate/.rvm/gems/ruby-2.7.0/gems/activerecord-5.2.8.1/lib/active_record/log_subscriber.rb:98
Processing by UsersController#create as JS
  Parameters: {"utf8"=>"✓", "authenticity_token"=>"x5J92PpyuF8vYrT/rPLiAyb99utNXiFHowtC/4b0rq2ef41S0J3Zzxrh67deUeVfn0IyjSI2jPuMlf4YeYMdYA==", "user"=>{"name"=>"Meera", "address"=>"", "profile"=>#<ActionDispatch::Http::UploadedFile:0x00007faa88bd8aa0 @tempfile=#<Tempfile:/tmp/RackMultipart20220714-13278-1udso7p.jpeg>, @original_filename="user1.jpeg", @content_type="image/jpeg", @headers="Content-Disposition: form-data; name=\"user[profile]\"; filename=\"user1.jpeg\"\r\nContent-Type: image/jpeg\r\n">}, "commit"=>"Sign Up"}
  [1m[35m (0.1ms)[0m  [1m[35mBEGIN[0m
  ↳ app/controllers/users_controller.rb:12
  [1m[35m (0.1ms)[0m  [1m[31mROLLBACK[0m
  ↳ app/controllers/users_controller.rb:12
  Rendering users/sign_up.html.erb within layouts/application
  Rendered users/sign_up.html.erb within layouts/application (39.7ms)
Completed 200 OK in 143ms (Views: 130.5ms | ActiveRecord: 2.3ms)


Started GET "/" for ::1 at 2022-07-14 14:35:10 +0530
Processing by UsersController#index as HTML
  Rendering users/index.html.erb within layouts/application
  [1m[36mUser Load (0.2ms)[0m  [1m[34mSELECT "users".* FROM "users"[0m
  ↳ app/views/users/index.html.erb:14
  Rendered users/index.html.erb within layouts/application (7.1ms)
Completed 200 OK in 29ms (Views: 28.1ms | ActiveRecord: 0.2ms)


Started GET "/" for ::1 at 2022-07-14 14:36:25 +0530
Processing by UsersController#index as HTML
  Rendering users/index.html.erb within layouts/application
  [1m[36mUser Load (0.2ms)[0m  [1m[34mSELECT "users".* FROM "users"[0m
  ↳ app/views/users/index.html.erb:14
  Rendered users/index.html.erb within layouts/application (1.2ms)
Completed 200 OK in 7ms (Views: 6.6ms | ActiveRecord: 0.2ms)


Started GET "/uploads/user/profile/6/thumb_user.jpeg" for ::1 at 2022-07-14 14:36:25 +0530
  
ActionController::RoutingError (No route matches [GET] "/uploads/user/profile/6/thumb_user.jpeg"):
  
actionpack (5.2.8.1) lib/action_dispatch/middleware/debug_exceptions.rb:65:in `call'
web-console (3.7.0) lib/web_console/middleware.rb:135:in `call_app'
web-console (3.7.0) lib/web_console/middleware.rb:30:in `block in call'
web-console (3.7.0) lib/web_console/middleware.rb:20:in `catch'
web-console (3.7.0) lib/web_console/middleware.rb:20:in `call'
actionpack (5.2.8.1) lib/action_dispatch/middleware/show_exceptions.rb:33:in `call'
railties (5.2.8.1) lib/rails/rack/logger.rb:38:in `call_app'
railties (5.2.8.1) lib/rails/rack/logger.rb:26:in `block in call'
activesupport (5.2.8.1) lib/active_support/tagged_logging.rb:71:in `block in tagged'
activesupport (5.2.8.1) lib/active_support/tagged_logging.rb:28:in `tagged'
activesupport (5.2.8.1) lib/active_support/tagged_logging.rb:71:in `tagged'
railties (5.2.8.1) lib/rails/rack/logger.rb:26:in `call'
sprockets-rails (3.4.2) lib/sprockets/rails/quiet_assets.rb:13:in `call'
actionpack (5.2.8.1) lib/action_dispatch/middleware/remote_ip.rb:81:in `call'
actionpack (5.2.8.1) lib/action_dispatch/middleware/request_id.rb:27:in `call'
rack (2.2.4) lib/rack/method_override.rb:24:in `call'
rack (2.2.4) lib/rack/runtime.rb:22:in `call'
activesupport (5.2.8.1) lib/active_support/cache/strategy/local_cache_middleware.rb:29:in `call'
actionpack (5.2.8.1) lib/action_dispatch/middleware/executor.rb:14:in `call'
actionpack (5.2.8.1) lib/action_dispatch/middleware/static.rb:127:in `call'
rack (2.2.4) lib/rack/sendfile.rb:110:in `call'
railties (5.2.8.1) lib/rails/engine.rb:524:in `call'
puma (3.12.6) lib/puma/configuration.rb:227:in `call'
puma (3.12.6) lib/puma/server.rb:706:in `handle_request'
puma (3.12.6) lib/puma/server.rb:476:in `process_client'
puma (3.12.6) lib/puma/server.rb:334:in `block in run'
puma (3.12.6) lib/puma/thread_pool.rb:135:in `block in spawn_thread'
Started GET "/users/sign_up" for ::1 at 2022-07-14 14:36:33 +0530
Processing by UsersController#sign_up as HTML
  Rendering users/sign_up.html.erb within layouts/application
  Rendered users/sign_up.html.erb within layouts/application (1.3ms)
Completed 200 OK in 8ms (Views: 7.3ms | ActiveRecord: 0.0ms)


Started GET "/uploads/user/profile/6/thumb_user.jpeg" for ::1 at 2022-07-14 14:36:33 +0530
  
ActionController::RoutingError (No route matches [GET] "/uploads/user/profile/6/thumb_user.jpeg"):
  
actionpack (5.2.8.1) lib/action_dispatch/middleware/debug_exceptions.rb:65:in `call'
web-console (3.7.0) lib/web_console/middleware.rb:135:in `call_app'
web-console (3.7.0) lib/web_console/middleware.rb:30:in `block in call'
web-console (3.7.0) lib/web_console/middleware.rb:20:in `catch'
web-console (3.7.0) lib/web_console/middleware.rb:20:in `call'
actionpack (5.2.8.1) lib/action_dispatch/middleware/show_exceptions.rb:33:in `call'
railties (5.2.8.1) lib/rails/rack/logger.rb:38:in `call_app'
railties (5.2.8.1) lib/rails/rack/logger.rb:26:in `block in call'
activesupport (5.2.8.1) lib/active_support/tagged_logging.rb:71:in `block in tagged'
activesupport (5.2.8.1) lib/active_support/tagged_logging.rb:28:in `tagged'
activesupport (5.2.8.1) lib/active_support/tagged_logging.rb:71:in `tagged'
railties (5.2.8.1) lib/rails/rack/logger.rb:26:in `call'
sprockets-rails (3.4.2) lib/sprockets/rails/quiet_assets.rb:13:in `call'
actionpack (5.2.8.1) lib/action_dispatch/middleware/remote_ip.rb:81:in `call'
actionpack (5.2.8.1) lib/action_dispatch/middleware/request_id.rb:27:in `call'
rack (2.2.4) lib/rack/method_override.rb:24:in `call'
rack (2.2.4) lib/rack/runtime.rb:22:in `call'
activesupport (5.2.8.1) lib/active_support/cache/strategy/local_cache_middleware.rb:29:in `call'
actionpack (5.2.8.1) lib/action_dispatch/middleware/executor.rb:14:in `call'
actionpack (5.2.8.1) lib/action_dispatch/middleware/static.rb:127:in `call'
rack (2.2.4) lib/rack/sendfile.rb:110:in `call'
railties (5.2.8.1) lib/rails/engine.rb:524:in `call'
puma (3.12.6) lib/puma/configuration.rb:227:in `call'
puma (3.12.6) lib/puma/server.rb:706:in `handle_request'
puma (3.12.6) lib/puma/server.rb:476:in `process_client'
puma (3.12.6) lib/puma/server.rb:334:in `block in run'
puma (3.12.6) lib/puma/thread_pool.rb:135:in `block in spawn_thread'
Started POST "/users/create" for ::1 at 2022-07-14 14:37:40 +0530
Processing by UsersController#create as JS
  Parameters: {"utf8"=>"✓", "authenticity_token"=>"ZE5vyVF1b27VoG2xghMvf5I6ujbPZa/1y+oSiqAWx1o9o59De5oO/uAjMvlwsCgjK4V+UKANAknkdK5tX2F0lw==", "user"=>{"name"=>"Shubham", "gender"=>"Male", "address"=>"Delhi", "profile"=>#<ActionDispatch::Http::UploadedFile:0x00007faa8401cf30 @tempfile=#<Tempfile:/tmp/RackMultipart20220714-13278-hzbjw0.jpeg>, @original_filename="user1.jpeg", @content_type="image/jpeg", @headers="Content-Disposition: form-data; name=\"user[profile]\"; filename=\"user1.jpeg\"\r\nContent-Type: image/jpeg\r\n">}, "commit"=>"Sign Up"}
  [1m[35m (0.1ms)[0m  [1m[35mBEGIN[0m
  ↳ app/controllers/users_controller.rb:12
  [1m[35m (0.1ms)[0m  [1m[31mROLLBACK[0m
  ↳ app/controllers/users_controller.rb:12
  Rendering users/sign_up.html.erb within layouts/application
  Rendered users/sign_up.html.erb within layouts/application (1.2ms)
Completed 200 OK in 11ms (Views: 8.4ms | ActiveRecord: 0.2ms)


Started POST "/users/create" for ::1 at 2022-07-14 14:38:37 +0530
  [1m[35m (0.2ms)[0m  [1m[34mSELECT "schema_migrations"."version" FROM "schema_migrations" ORDER BY "schema_migrations"."version" ASC[0m
  ↳ /home/itsacheckmate/.rvm/gems/ruby-2.7.0/gems/activerecord-5.2.8.1/lib/active_record/log_subscriber.rb:98
Processing by UsersController#create as JS
  Parameters: {"utf8"=>"✓", "authenticity_token"=>"ZE5vyVF1b27VoG2xghMvf5I6ujbPZa/1y+oSiqAWx1o9o59De5oO/uAjMvlwsCgjK4V+UKANAknkdK5tX2F0lw==", "user"=>{"name"=>"Shubham", "gender"=>"Male", "address"=>"Delhi", "profile"=>#<ActionDispatch::Http::UploadedFile:0x00007f9068be2df0 @tempfile=#<Tempfile:/tmp/RackMultipart20220714-13813-kptrv.jpeg>, @original_filename="user1.jpeg", @content_type="image/jpeg", @headers="Content-Disposition: form-data; name=\"user[profile]\"; filename=\"user1.jpeg\"\r\nContent-Type: image/jpeg\r\n">}, "commit"=>"Sign Up"}
  [1m[35m (0.2ms)[0m  [1m[35mBEGIN[0m
  ↳ app/controllers/users_controller.rb:12
  [1m[35m (0.1ms)[0m  [1m[31mROLLBACK[0m
  ↳ app/controllers/users_controller.rb:12
  Rendering users/sign_up.html.erb within layouts/application
  Rendered users/sign_up.html.erb within layouts/application (39.4ms)
Completed 200 OK in 143ms (Views: 130.7ms | ActiveRecord: 2.7ms)


Started GET "/users/sign_up" for ::1 at 2022-07-14 14:41:45 +0530
Processing by UsersController#sign_up as HTML
  Rendering users/sign_up.html.erb within layouts/application
  Rendered users/sign_up.html.erb within layouts/application (1.9ms)
Completed 200 OK in 23ms (Views: 21.5ms | ActiveRecord: 0.0ms)


Started GET "/" for ::1 at 2022-07-14 14:41:47 +0530
Processing by UsersController#index as HTML
  Rendering users/index.html.erb within layouts/application
  [1m[36mUser Load (0.2ms)[0m  [1m[34mSELECT "users".* FROM "users"[0m
  ↳ app/views/users/index.html.erb:14
  Rendered users/index.html.erb within layouts/application (3.7ms)
Completed 200 OK in 10ms (Views: 9.7ms | ActiveRecord: 0.2ms)


Started GET "/uploads/user/profile/6/thumb_user.jpeg" for ::1 at 2022-07-14 14:41:47 +0530
  
ActionController::RoutingError (No route matches [GET] "/uploads/user/profile/6/thumb_user.jpeg"):
  
actionpack (5.2.8.1) lib/action_dispatch/middleware/debug_exceptions.rb:65:in `call'
web-console (3.7.0) lib/web_console/middleware.rb:135:in `call_app'
web-console (3.7.0) lib/web_console/middleware.rb:30:in `block in call'
web-console (3.7.0) lib/web_console/middleware.rb:20:in `catch'
web-console (3.7.0) lib/web_console/middleware.rb:20:in `call'
actionpack (5.2.8.1) lib/action_dispatch/middleware/show_exceptions.rb:33:in `call'
railties (5.2.8.1) lib/rails/rack/logger.rb:38:in `call_app'
railties (5.2.8.1) lib/rails/rack/logger.rb:26:in `block in call'
activesupport (5.2.8.1) lib/active_support/tagged_logging.rb:71:in `block in tagged'
activesupport (5.2.8.1) lib/active_support/tagged_logging.rb:28:in `tagged'
activesupport (5.2.8.1) lib/active_support/tagged_logging.rb:71:in `tagged'
railties (5.2.8.1) lib/rails/rack/logger.rb:26:in `call'
sprockets-rails (3.4.2) lib/sprockets/rails/quiet_assets.rb:13:in `call'
actionpack (5.2.8.1) lib/action_dispatch/middleware/remote_ip.rb:81:in `call'
actionpack (5.2.8.1) lib/action_dispatch/middleware/request_id.rb:27:in `call'
rack (2.2.4) lib/rack/method_override.rb:24:in `call'
rack (2.2.4) lib/rack/runtime.rb:22:in `call'
activesupport (5.2.8.1) lib/active_support/cache/strategy/local_cache_middleware.rb:29:in `call'
actionpack (5.2.8.1) lib/action_dispatch/middleware/executor.rb:14:in `call'
actionpack (5.2.8.1) lib/action_dispatch/middleware/static.rb:127:in `call'
rack (2.2.4) lib/rack/sendfile.rb:110:in `call'
railties (5.2.8.1) lib/rails/engine.rb:524:in `call'
puma (3.12.6) lib/puma/configuration.rb:227:in `call'
puma (3.12.6) lib/puma/server.rb:706:in `handle_request'
puma (3.12.6) lib/puma/server.rb:476:in `process_client'
puma (3.12.6) lib/puma/server.rb:334:in `block in run'
puma (3.12.6) lib/puma/thread_pool.rb:135:in `block in spawn_thread'
Started GET "/" for ::1 at 2022-07-14 14:45:53 +0530
Processing by UsersController#index as HTML
  Rendering users/index.html.erb within layouts/application
  [1m[36mUser Load (0.1ms)[0m  [1m[34mSELECT "users".* FROM "users"[0m
  ↳ app/views/users/index.html.erb:14
  Rendered users/index.html.erb within layouts/application (1.1ms)
Completed 200 OK in 7ms (Views: 6.8ms | ActiveRecord: 0.1ms)


Started GET "/uploads/user/profile/6/thumb_user.jpeg" for ::1 at 2022-07-14 14:45:53 +0530
  
ActionController::RoutingError (No route matches [GET] "/uploads/user/profile/6/thumb_user.jpeg"):
  
actionpack (5.2.8.1) lib/action_dispatch/middleware/debug_exceptions.rb:65:in `call'
web-console (3.7.0) lib/web_console/middleware.rb:135:in `call_app'
web-console (3.7.0) lib/web_console/middleware.rb:30:in `block in call'
web-console (3.7.0) lib/web_console/middleware.rb:20:in `catch'
web-console (3.7.0) lib/web_console/middleware.rb:20:in `call'
actionpack (5.2.8.1) lib/action_dispatch/middleware/show_exceptions.rb:33:in `call'
railties (5.2.8.1) lib/rails/rack/logger.rb:38:in `call_app'
railties (5.2.8.1) lib/rails/rack/logger.rb:26:in `block in call'
activesupport (5.2.8.1) lib/active_support/tagged_logging.rb:71:in `block in tagged'
activesupport (5.2.8.1) lib/active_support/tagged_logging.rb:28:in `tagged'
activesupport (5.2.8.1) lib/active_support/tagged_logging.rb:71:in `tagged'
railties (5.2.8.1) lib/rails/rack/logger.rb:26:in `call'
sprockets-rails (3.4.2) lib/sprockets/rails/quiet_assets.rb:13:in `call'
actionpack (5.2.8.1) lib/action_dispatch/middleware/remote_ip.rb:81:in `call'
actionpack (5.2.8.1) lib/action_dispatch/middleware/request_id.rb:27:in `call'
rack (2.2.4) lib/rack/method_override.rb:24:in `call'
rack (2.2.4) lib/rack/runtime.rb:22:in `call'
activesupport (5.2.8.1) lib/active_support/cache/strategy/local_cache_middleware.rb:29:in `call'
actionpack (5.2.8.1) lib/action_dispatch/middleware/executor.rb:14:in `call'
actionpack (5.2.8.1) lib/action_dispatch/middleware/static.rb:127:in `call'
rack (2.2.4) lib/rack/sendfile.rb:110:in `call'
railties (5.2.8.1) lib/rails/engine.rb:524:in `call'
puma (3.12.6) lib/puma/configuration.rb:227:in `call'
puma (3.12.6) lib/puma/server.rb:706:in `handle_request'
puma (3.12.6) lib/puma/server.rb:476:in `process_client'
puma (3.12.6) lib/puma/server.rb:334:in `block in run'
puma (3.12.6) lib/puma/thread_pool.rb:135:in `block in spawn_thread'
Started GET "/" for ::1 at 2022-07-14 14:46:11 +0530
  [1m[35m (0.2ms)[0m  [1m[34mSELECT "schema_migrations"."version" FROM "schema_migrations" ORDER BY "schema_migrations"."version" ASC[0m
  ↳ /home/itsacheckmate/.rvm/gems/ruby-2.7.0/gems/activerecord-5.2.8.1/lib/active_record/log_subscriber.rb:98
Processing by UsersController#index as HTML
  Rendering users/index.html.erb within layouts/application
  [1m[36mUser Load (0.3ms)[0m  [1m[34mSELECT "users".* FROM "users"[0m
  ↳ app/views/users/index.html.erb:14
  Rendered users/index.html.erb within layouts/application (5.4ms)
Completed 200 OK in 93ms (Views: 86.3ms | ActiveRecord: 1.9ms)


Started GET "/uploads/user/profile/6/thumb_user.jpeg" for ::1 at 2022-07-14 14:46:11 +0530
  
ActionController::RoutingError (No route matches [GET] "/uploads/user/profile/6/thumb_user.jpeg"):
  
actionpack (5.2.8.1) lib/action_dispatch/middleware/debug_exceptions.rb:65:in `call'
web-console (3.7.0) lib/web_console/middleware.rb:135:in `call_app'
web-console (3.7.0) lib/web_console/middleware.rb:30:in `block in call'
web-console (3.7.0) lib/web_console/middleware.rb:20:in `catch'
web-console (3.7.0) lib/web_console/middleware.rb:20:in `call'
actionpack (5.2.8.1) lib/action_dispatch/middleware/show_exceptions.rb:33:in `call'
railties (5.2.8.1) lib/rails/rack/logger.rb:38:in `call_app'
railties (5.2.8.1) lib/rails/rack/logger.rb:26:in `block in call'
activesupport (5.2.8.1) lib/active_support/tagged_logging.rb:71:in `block in tagged'
activesupport (5.2.8.1) lib/active_support/tagged_logging.rb:28:in `tagged'
activesupport (5.2.8.1) lib/active_support/tagged_logging.rb:71:in `tagged'
railties (5.2.8.1) lib/rails/rack/logger.rb:26:in `call'
sprockets-rails (3.4.2) lib/sprockets/rails/quiet_assets.rb:13:in `call'
actionpack (5.2.8.1) lib/action_dispatch/middleware/remote_ip.rb:81:in `call'
actionpack (5.2.8.1) lib/action_dispatch/middleware/request_id.rb:27:in `call'
rack (2.2.4) lib/rack/method_override.rb:24:in `call'
rack (2.2.4) lib/rack/runtime.rb:22:in `call'
activesupport (5.2.8.1) lib/active_support/cache/strategy/local_cache_middleware.rb:29:in `call'
actionpack (5.2.8.1) lib/action_dispatch/middleware/executor.rb:14:in `call'
actionpack (5.2.8.1) lib/action_dispatch/middleware/static.rb:127:in `call'
rack (2.2.4) lib/rack/sendfile.rb:110:in `call'
railties (5.2.8.1) lib/rails/engine.rb:524:in `call'
puma (3.12.6) lib/puma/configuration.rb:227:in `call'
puma (3.12.6) lib/puma/server.rb:706:in `handle_request'
puma (3.12.6) lib/puma/server.rb:476:in `process_client'
puma (3.12.6) lib/puma/server.rb:334:in `block in run'
puma (3.12.6) lib/puma/thread_pool.rb:135:in `block in spawn_thread'
Started GET "/users/sign_up" for ::1 at 2022-07-14 14:46:12 +0530
Processing by UsersController#sign_up as HTML
  Rendering users/sign_up.html.erb within layouts/application
  Rendered users/sign_up.html.erb within layouts/application (71.5ms)
Completed 200 OK in 78ms (Views: 77.4ms | ActiveRecord: 0.0ms)


Started GET "/uploads/user/profile/6/thumb_user.jpeg" for ::1 at 2022-07-14 14:46:12 +0530
  
ActionController::RoutingError (No route matches [GET] "/uploads/user/profile/6/thumb_user.jpeg"):
  
actionpack (5.2.8.1) lib/action_dispatch/middleware/debug_exceptions.rb:65:in `call'
web-console (3.7.0) lib/web_console/middleware.rb:135:in `call_app'
web-console (3.7.0) lib/web_console/middleware.rb:30:in `block in call'
web-console (3.7.0) lib/web_console/middleware.rb:20:in `catch'
web-console (3.7.0) lib/web_console/middleware.rb:20:in `call'
actionpack (5.2.8.1) lib/action_dispatch/middleware/show_exceptions.rb:33:in `call'
railties (5.2.8.1) lib/rails/rack/logger.rb:38:in `call_app'
railties (5.2.8.1) lib/rails/rack/logger.rb:26:in `block in call'
activesupport (5.2.8.1) lib/active_support/tagged_logging.rb:71:in `block in tagged'
activesupport (5.2.8.1) lib/active_support/tagged_logging.rb:28:in `tagged'
activesupport (5.2.8.1) lib/active_support/tagged_logging.rb:71:in `tagged'
railties (5.2.8.1) lib/rails/rack/logger.rb:26:in `call'
sprockets-rails (3.4.2) lib/sprockets/rails/quiet_assets.rb:13:in `call'
actionpack (5.2.8.1) lib/action_dispatch/middleware/remote_ip.rb:81:in `call'
actionpack (5.2.8.1) lib/action_dispatch/middleware/request_id.rb:27:in `call'
rack (2.2.4) lib/rack/method_override.rb:24:in `call'
rack (2.2.4) lib/rack/runtime.rb:22:in `call'
activesupport (5.2.8.1) lib/active_support/cache/strategy/local_cache_middleware.rb:29:in `call'
actionpack (5.2.8.1) lib/action_dispatch/middleware/executor.rb:14:in `call'
actionpack (5.2.8.1) lib/action_dispatch/middleware/static.rb:127:in `call'
rack (2.2.4) lib/rack/sendfile.rb:110:in `call'
railties (5.2.8.1) lib/rails/engine.rb:524:in `call'
puma (3.12.6) lib/puma/configuration.rb:227:in `call'
puma (3.12.6) lib/puma/server.rb:706:in `handle_request'
puma (3.12.6) lib/puma/server.rb:476:in `process_client'
puma (3.12.6) lib/puma/server.rb:334:in `block in run'
puma (3.12.6) lib/puma/thread_pool.rb:135:in `block in spawn_thread'
Started POST "/users/create" for ::1 at 2022-07-14 14:46:31 +0530
Processing by UsersController#create as JS
  Parameters: {"utf8"=>"✓", "authenticity_token"=>"H96WS+bDVfDUp27ogqGVgh6B8J11m4b6WoZY9sSQ025GM2bBzCw0YOEkMaBwApLepz40+xrzK0Z1GOQRO+dgow==", "user"=>{"name"=>"Nishant", "gender"=>"Male", "address"=>"Faridabad", "profile"=>#<ActionDispatch::Http::UploadedFile:0x00007f83bd3d23c0 @tempfile=#<Tempfile:/tmp/RackMultipart20220714-16773-ck1cso.jpeg>, @original_filename="user1.jpeg", @content_type="image/jpeg", @headers="Content-Disposition: form-data; name=\"user[profile]\"; filename=\"user1.jpeg\"\r\nContent-Type: image/jpeg\r\n">}, "commit"=>"Sign Up"}
  [1m[35m (0.1ms)[0m  [1m[35mBEGIN[0m
  ↳ app/controllers/users_controller.rb:12
  [1m[36mUser Create (0.4ms)[0m  [1m[32mINSERT INTO "users" ("name", "gender", "profile", "address", "created_at", "updated_at") VALUES ($1, $2, $3, $4, $5, $6) RETURNING "id"[0m  [["name", "Nishant"], ["gender", "Male"], ["profile", "user1.jpeg"], ["address", "Faridabad"], ["created_at", "2022-07-14 09:16:31.058228"], ["updated_at", "2022-07-14 09:16:31.058228"]]
  ↳ app/controllers/users_controller.rb:12
  [1m[35m (0.4ms)[0m  [1m[35mCOMMIT[0m
  ↳ app/controllers/users_controller.rb:12
Redirected to http://localhost:3000/
Completed 200 OK in 13ms (ActiveRecord: 0.9ms)


Started GET "/" for ::1 at 2022-07-14 14:46:31 +0530
Processing by UsersController#index as HTML
  Rendering users/index.html.erb within layouts/application
  [1m[36mUser Load (0.2ms)[0m  [1m[34mSELECT "users".* FROM "users"[0m
  ↳ app/views/users/index.html.erb:14
  Rendered users/index.html.erb within layouts/application (1.6ms)
Completed 200 OK in 9ms (Views: 7.9ms | ActiveRecord: 0.2ms)


Started GET "/uploads/user/profile/6/thumb_user.jpeg" for ::1 at 2022-07-14 14:46:31 +0530
  
ActionController::RoutingError (No route matches [GET] "/uploads/user/profile/6/thumb_user.jpeg"):
  
actionpack (5.2.8.1) lib/action_dispatch/middleware/debug_exceptions.rb:65:in `call'
web-console (3.7.0) lib/web_console/middleware.rb:135:in `call_app'
web-console (3.7.0) lib/web_console/middleware.rb:30:in `block in call'
web-console (3.7.0) lib/web_console/middleware.rb:20:in `catch'
web-console (3.7.0) lib/web_console/middleware.rb:20:in `call'
actionpack (5.2.8.1) lib/action_dispatch/middleware/show_exceptions.rb:33:in `call'
railties (5.2.8.1) lib/rails/rack/logger.rb:38:in `call_app'
railties (5.2.8.1) lib/rails/rack/logger.rb:26:in `block in call'
activesupport (5.2.8.1) lib/active_support/tagged_logging.rb:71:in `block in tagged'
activesupport (5.2.8.1) lib/active_support/tagged_logging.rb:28:in `tagged'
activesupport (5.2.8.1) lib/active_support/tagged_logging.rb:71:in `tagged'
railties (5.2.8.1) lib/rails/rack/logger.rb:26:in `call'
sprockets-rails (3.4.2) lib/sprockets/rails/quiet_assets.rb:13:in `call'
actionpack (5.2.8.1) lib/action_dispatch/middleware/remote_ip.rb:81:in `call'
actionpack (5.2.8.1) lib/action_dispatch/middleware/request_id.rb:27:in `call'
rack (2.2.4) lib/rack/method_override.rb:24:in `call'
rack (2.2.4) lib/rack/runtime.rb:22:in `call'
activesupport (5.2.8.1) lib/active_support/cache/strategy/local_cache_middleware.rb:29:in `call'
actionpack (5.2.8.1) lib/action_dispatch/middleware/executor.rb:14:in `call'
actionpack (5.2.8.1) lib/action_dispatch/middleware/static.rb:127:in `call'
rack (2.2.4) lib/rack/sendfile.rb:110:in `call'
railties (5.2.8.1) lib/rails/engine.rb:524:in `call'
puma (3.12.6) lib/puma/configuration.rb:227:in `call'
puma (3.12.6) lib/puma/server.rb:706:in `handle_request'
puma (3.12.6) lib/puma/server.rb:476:in `process_client'
puma (3.12.6) lib/puma/server.rb:334:in `block in run'
puma (3.12.6) lib/puma/thread_pool.rb:135:in `block in spawn_thread'
  [1m[36mUser Load (0.1ms)[0m  [1m[34mSELECT  "users".* FROM "users" WHERE "users"."id" = $1 LIMIT $2[0m  [["id", 6], ["LIMIT", 1]]
  [1m[35m (0.2ms)[0m  [1m[35mBEGIN[0m
  [1m[36mUser Destroy (0.2ms)[0m  [1m[31mDELETE FROM "users" WHERE "users"."id" = $1[0m  [["id", 6]]
  [1m[35m (6.6ms)[0m  [1m[35mCOMMIT[0m
Started GET "/" for ::1 at 2022-07-14 14:47:40 +0530
Processing by UsersController#index as HTML
  Rendering users/index.html.erb within layouts/application
  [1m[36mUser Load (0.2ms)[0m  [1m[34mSELECT "users".* FROM "users"[0m
  ↳ app/views/users/index.html.erb:14
  Rendered users/index.html.erb within layouts/application (1.6ms)
Completed 200 OK in 13ms (Views: 12.0ms | ActiveRecord: 0.2ms)


