Started GET "/" for 127.0.0.1 at 2022-06-30 14:02:00 +0530
  [1m[35m (0.9ms)[0m  [1m[34mSELECT sqlite_version(*)[0m
Processing by HomeController#index as HTML
  Rendering layout layouts/application.html.erb
  Rendering home/index.html.erb within layouts/application
  Rendered home/index.html.erb within layouts/application (Duration: 0.6ms | Allocations: 471)
  Rendered layout layouts/application.html.erb (Duration: 5.4ms | Allocations: 8114)
Completed 500 Internal Server Error in 13ms (ActiveRecord: 0.0ms | Allocations: 14479)


  
ActionView::Template::Error (The asset "application.css" is not present in the asset pipeline.
):
     6:     <%= csrf_meta_tags %>
     7:     <%= csp_meta_tag %>
     8: 
     9:     <%= stylesheet_link_tag "application", "data-turbo-track": "reload" %>
    10:     <%= javascript_importmap_tags %>
    11:   </head>
    12: 
  
app/views/layouts/application.html.erb:9
Started GET "/" for 127.0.0.1 at 2022-06-30 14:03:05 +0530
Processing by HomeController#index as HTML
  Rendering layout layouts/application.html.erb
  Rendering home/index.html.erb within layouts/application
  Rendered home/index.html.erb within layouts/application (Duration: 0.2ms | Allocations: 120)
  Rendered layout layouts/application.html.erb (Duration: 111.4ms | Allocations: 99498)
Completed 200 OK in 113ms (Views: 112.5ms | ActiveRecord: 0.0ms | Allocations: 100548)


Started GET "/" for 127.0.0.1 at 2022-06-30 14:03:30 +0530
Processing by HomeController#index as HTML
  Rendering layout layouts/application.html.erb
  Rendering home/index.html.erb within layouts/application
  Rendered home/index.html.erb within layouts/application (Duration: 0.2ms | Allocations: 123)
  Rendered layout layouts/application.html.erb (Duration: 1.6ms | Allocations: 2153)
Completed 200 OK in 3ms (Views: 2.4ms | ActiveRecord: 0.0ms | Allocations: 3168)


Started GET "/" for 127.0.0.1 at 2022-06-30 14:07:29 +0530
  [1m[35m (0.4ms)[0m  [1m[34mSELECT sqlite_version(*)[0m
Processing by HomeController#index as HTML
  Rendering layout layouts/application.html.erb
  Rendering home/index.html.erb within layouts/application
  Rendered home/index.html.erb within layouts/application (Duration: 0.4ms | Allocations: 367)
  Rendered shared/_header.html.erb (Duration: 0.3ms | Allocations: 106)
  Rendered layout layouts/application.html.erb (Duration: 61.5ms | Allocations: 36738)
Completed 200 OK in 65ms (Views: 62.7ms | ActiveRecord: 0.0ms | Allocations: 41996)


Started GET "/" for 127.0.0.1 at 2022-06-30 14:07:31 +0530
Processing by HomeController#index as HTML
  Rendering layout layouts/application.html.erb
  Rendering home/index.html.erb within layouts/application
  Rendered home/index.html.erb within layouts/application (Duration: 0.0ms | Allocations: 15)
  Rendered shared/_header.html.erb (Duration: 0.0ms | Allocations: 13)
  Rendered layout layouts/application.html.erb (Duration: 1.3ms | Allocations: 1846)
Completed 200 OK in 2ms (Views: 1.6ms | ActiveRecord: 0.0ms | Allocations: 2170)


Started GET "/" for 127.0.0.1 at 2022-06-30 14:07:32 +0530
Processing by HomeController#index as HTML
  Rendering layout layouts/application.html.erb
  Rendering home/index.html.erb within layouts/application
  Rendered home/index.html.erb within layouts/application (Duration: 0.0ms | Allocations: 15)
  Rendered shared/_header.html.erb (Duration: 0.0ms | Allocations: 13)
  Rendered layout layouts/application.html.erb (Duration: 1.6ms | Allocations: 1846)
Completed 200 OK in 2ms (Views: 1.8ms | ActiveRecord: 0.0ms | Allocations: 2168)


Started GET "/" for 127.0.0.1 at 2022-06-30 14:07:32 +0530
Processing by HomeController#index as HTML
  Rendering layout layouts/application.html.erb
  Rendering home/index.html.erb within layouts/application
  Rendered home/index.html.erb within layouts/application (Duration: 0.0ms | Allocations: 15)
  Rendered shared/_header.html.erb (Duration: 0.0ms | Allocations: 13)
  Rendered layout layouts/application.html.erb (Duration: 1.2ms | Allocations: 1847)
Completed 200 OK in 2ms (Views: 1.5ms | ActiveRecord: 0.0ms | Allocations: 2165)


Started GET "/" for 127.0.0.1 at 2022-06-30 14:07:32 +0530
Processing by HomeController#index as HTML
  Rendering layout layouts/application.html.erb
  Rendering home/index.html.erb within layouts/application
  Rendered home/index.html.erb within layouts/application (Duration: 0.0ms | Allocations: 15)
  Rendered shared/_header.html.erb (Duration: 0.0ms | Allocations: 13)
  Rendered layout layouts/application.html.erb (Duration: 1.5ms | Allocations: 1851)
Completed 200 OK in 2ms (Views: 1.7ms | ActiveRecord: 0.0ms | Allocations: 2169)


Started GET "/" for 127.0.0.1 at 2022-06-30 14:10:29 +0530
Processing by HomeController#index as HTML
  Rendering layout layouts/application.html.erb
  Rendering home/index.html.erb within layouts/application
  Rendered home/index.html.erb within layouts/application (Duration: 0.2ms | Allocations: 120)
  Rendered shared/_header.html.erb (Duration: 0.2ms | Allocations: 158)
  Rendered layout layouts/application.html.erb (Duration: 1.9ms | Allocations: 2439)
Completed 200 OK in 3ms (Views: 2.8ms | ActiveRecord: 0.0ms | Allocations: 3453)


