Started GET "/" for 127.0.0.1 at 2022-06-30 14:36:19 +0530
  
ActiveRecord::NoDatabaseError (We could not find your database: scheduled_tweets_development. Which can be found in the database configuration file located at config/database.yml.

To resolve this issue:

- Did you create the database for this app, or delete it? You may need to create your database.
- Has the database name changed? Check your database.yml config has the correct database name.

To create your database, run:

        bin/rails db:create
):
  
activerecord (7.0.3) lib/active_record/connection_adapters/postgresql_adapter.rb:81:in `rescue in new_client'
activerecord (7.0.3) lib/active_record/connection_adapters/postgresql_adapter.rb:77:in `new_client'
activerecord (7.0.3) lib/active_record/connection_adapters/postgresql_adapter.rb:37:in `postgresql_connection'
activerecord (7.0.3) lib/active_record/connection_adapters/abstract/connection_pool.rb:656:in `public_send'
activerecord (7.0.3) lib/active_record/connection_adapters/abstract/connection_pool.rb:656:in `new_connection'
activerecord (7.0.3) lib/active_record/connection_adapters/abstract/connection_pool.rb:700:in `checkout_new_connection'
activerecord (7.0.3) lib/active_record/connection_adapters/abstract/connection_pool.rb:679:in `try_to_checkout_new_connection'
activerecord (7.0.3) lib/active_record/connection_adapters/abstract/connection_pool.rb:640:in `acquire_connection'
activerecord (7.0.3) lib/active_record/connection_adapters/abstract/connection_pool.rb:341:in `checkout'
activerecord (7.0.3) lib/active_record/connection_adapters/abstract/connection_pool.rb:181:in `connection'
activerecord (7.0.3) lib/active_record/connection_adapters/abstract/connection_handler.rb:211:in `retrieve_connection'
activerecord (7.0.3) lib/active_record/connection_handling.rb:313:in `retrieve_connection'
activerecord (7.0.3) lib/active_record/connection_handling.rb:280:in `connection'
activerecord (7.0.3) lib/active_record/migration.rb:613:in `connection'
activerecord (7.0.3) lib/active_record/migration.rb:608:in `build_watcher'
activerecord (7.0.3) lib/active_record/migration.rb:590:in `block in call'
activerecord (7.0.3) lib/active_record/migration.rb:589:in `synchronize'
activerecord (7.0.3) lib/active_record/migration.rb:589:in `call'
actionpack (7.0.3) lib/action_dispatch/middleware/callbacks.rb:27:in `block in call'
activesupport (7.0.3) lib/active_support/callbacks.rb:99:in `run_callbacks'
actionpack (7.0.3) lib/action_dispatch/middleware/callbacks.rb:26:in `call'
actionpack (7.0.3) lib/action_dispatch/middleware/executor.rb:14:in `call'
actionpack (7.0.3) lib/action_dispatch/middleware/actionable_exceptions.rb:17:in `call'
actionpack (7.0.3) lib/action_dispatch/middleware/debug_exceptions.rb:28:in `call'
web-console (4.2.0) lib/web_console/middleware.rb:132:in `call_app'
web-console (4.2.0) lib/web_console/middleware.rb:28:in `block in call'
web-console (4.2.0) lib/web_console/middleware.rb:17:in `catch'
web-console (4.2.0) lib/web_console/middleware.rb:17:in `call'
actionpack (7.0.3) lib/action_dispatch/middleware/show_exceptions.rb:26:in `call'
railties (7.0.3) lib/rails/rack/logger.rb:40:in `call_app'
railties (7.0.3) lib/rails/rack/logger.rb:25:in `block in call'
activesupport (7.0.3) lib/active_support/tagged_logging.rb:114:in `block in tagged'
activesupport (7.0.3) lib/active_support/tagged_logging.rb:38:in `tagged'
activesupport (7.0.3) lib/active_support/tagged_logging.rb:114:in `tagged'
railties (7.0.3) lib/rails/rack/logger.rb:25:in `call'
sprockets-rails (3.4.2) lib/sprockets/rails/quiet_assets.rb:13:in `call'
actionpack (7.0.3) lib/action_dispatch/middleware/remote_ip.rb:93:in `call'
actionpack (7.0.3) lib/action_dispatch/middleware/request_id.rb:26:in `call'
rack (2.2.3.1) lib/rack/method_override.rb:24:in `call'
rack (2.2.3.1) lib/rack/runtime.rb:22:in `call'
activesupport (7.0.3) lib/active_support/cache/strategy/local_cache_middleware.rb:29:in `call'
actionpack (7.0.3) lib/action_dispatch/middleware/server_timing.rb:20:in `call'
actionpack (7.0.3) lib/action_dispatch/middleware/executor.rb:14:in `call'
actionpack (7.0.3) lib/action_dispatch/middleware/static.rb:23:in `call'
rack (2.2.3.1) lib/rack/sendfile.rb:110:in `call'
actionpack (7.0.3) lib/action_dispatch/middleware/host_authorization.rb:137:in `call'
railties (7.0.3) lib/rails/engine.rb:530:in `call'
puma (5.6.4) lib/puma/configuration.rb:252:in `call'
puma (5.6.4) lib/puma/request.rb:77:in `block in handle_request'
puma (5.6.4) lib/puma/thread_pool.rb:340:in `with_force_shutdown'
puma (5.6.4) lib/puma/request.rb:76:in `handle_request'
puma (5.6.4) lib/puma/server.rb:441:in `process_client'
puma (5.6.4) lib/puma/thread_pool.rb:147:in `block in spawn_thread'
Started GET "/" for 127.0.0.1 at 2022-06-30 14:36:24 +0530
  
ActiveRecord::NoDatabaseError (We could not find your database: scheduled_tweets_development. Which can be found in the database configuration file located at config/database.yml.

To resolve this issue:

- Did you create the database for this app, or delete it? You may need to create your database.
- Has the database name changed? Check your database.yml config has the correct database name.

To create your database, run:

        bin/rails db:create
):
  
activerecord (7.0.3) lib/active_record/connection_adapters/postgresql_adapter.rb:81:in `rescue in new_client'
activerecord (7.0.3) lib/active_record/connection_adapters/postgresql_adapter.rb:77:in `new_client'
activerecord (7.0.3) lib/active_record/connection_adapters/postgresql_adapter.rb:37:in `postgresql_connection'
activerecord (7.0.3) lib/active_record/connection_adapters/abstract/connection_pool.rb:656:in `public_send'
activerecord (7.0.3) lib/active_record/connection_adapters/abstract/connection_pool.rb:656:in `new_connection'
activerecord (7.0.3) lib/active_record/connection_adapters/abstract/connection_pool.rb:700:in `checkout_new_connection'
activerecord (7.0.3) lib/active_record/connection_adapters/abstract/connection_pool.rb:679:in `try_to_checkout_new_connection'
activerecord (7.0.3) lib/active_record/connection_adapters/abstract/connection_pool.rb:640:in `acquire_connection'
activerecord (7.0.3) lib/active_record/connection_adapters/abstract/connection_pool.rb:341:in `checkout'
activerecord (7.0.3) lib/active_record/connection_adapters/abstract/connection_pool.rb:181:in `connection'
activerecord (7.0.3) lib/active_record/connection_adapters/abstract/connection_handler.rb:211:in `retrieve_connection'
activerecord (7.0.3) lib/active_record/connection_handling.rb:313:in `retrieve_connection'
activerecord (7.0.3) lib/active_record/connection_handling.rb:280:in `connection'
activerecord (7.0.3) lib/active_record/migration.rb:613:in `connection'
activerecord (7.0.3) lib/active_record/migration.rb:608:in `build_watcher'
activerecord (7.0.3) lib/active_record/migration.rb:590:in `block in call'
activerecord (7.0.3) lib/active_record/migration.rb:589:in `synchronize'
activerecord (7.0.3) lib/active_record/migration.rb:589:in `call'
actionpack (7.0.3) lib/action_dispatch/middleware/callbacks.rb:27:in `block in call'
activesupport (7.0.3) lib/active_support/callbacks.rb:99:in `run_callbacks'
actionpack (7.0.3) lib/action_dispatch/middleware/callbacks.rb:26:in `call'
actionpack (7.0.3) lib/action_dispatch/middleware/executor.rb:14:in `call'
actionpack (7.0.3) lib/action_dispatch/middleware/actionable_exceptions.rb:17:in `call'
actionpack (7.0.3) lib/action_dispatch/middleware/debug_exceptions.rb:28:in `call'
web-console (4.2.0) lib/web_console/middleware.rb:132:in `call_app'
web-console (4.2.0) lib/web_console/middleware.rb:28:in `block in call'
web-console (4.2.0) lib/web_console/middleware.rb:17:in `catch'
web-console (4.2.0) lib/web_console/middleware.rb:17:in `call'
actionpack (7.0.3) lib/action_dispatch/middleware/show_exceptions.rb:26:in `call'
railties (7.0.3) lib/rails/rack/logger.rb:40:in `call_app'
railties (7.0.3) lib/rails/rack/logger.rb:25:in `block in call'
activesupport (7.0.3) lib/active_support/tagged_logging.rb:114:in `block in tagged'
activesupport (7.0.3) lib/active_support/tagged_logging.rb:38:in `tagged'
activesupport (7.0.3) lib/active_support/tagged_logging.rb:114:in `tagged'
railties (7.0.3) lib/rails/rack/logger.rb:25:in `call'
sprockets-rails (3.4.2) lib/sprockets/rails/quiet_assets.rb:13:in `call'
actionpack (7.0.3) lib/action_dispatch/middleware/remote_ip.rb:93:in `call'
actionpack (7.0.3) lib/action_dispatch/middleware/request_id.rb:26:in `call'
rack (2.2.3.1) lib/rack/method_override.rb:24:in `call'
rack (2.2.3.1) lib/rack/runtime.rb:22:in `call'
activesupport (7.0.3) lib/active_support/cache/strategy/local_cache_middleware.rb:29:in `call'
actionpack (7.0.3) lib/action_dispatch/middleware/server_timing.rb:20:in `call'
actionpack (7.0.3) lib/action_dispatch/middleware/executor.rb:14:in `call'
actionpack (7.0.3) lib/action_dispatch/middleware/static.rb:23:in `call'
rack (2.2.3.1) lib/rack/sendfile.rb:110:in `call'
actionpack (7.0.3) lib/action_dispatch/middleware/host_authorization.rb:137:in `call'
railties (7.0.3) lib/rails/engine.rb:530:in `call'
puma (5.6.4) lib/puma/configuration.rb:252:in `call'
puma (5.6.4) lib/puma/request.rb:77:in `block in handle_request'
puma (5.6.4) lib/puma/thread_pool.rb:340:in `with_force_shutdown'
puma (5.6.4) lib/puma/request.rb:76:in `handle_request'
puma (5.6.4) lib/puma/server.rb:441:in `process_client'
puma (5.6.4) lib/puma/thread_pool.rb:147:in `block in spawn_thread'
  [1m[35m (65.9ms)[0m  [1m[35mCREATE DATABASE "scheduled_tweets_development" ENCODING = 'unicode'[0m
  [1m[35m (24.9ms)[0m  [1m[35mCREATE DATABASE "scheduled_tweets_test" ENCODING = 'unicode'[0m
Started GET "/" for 127.0.0.1 at 2022-06-30 14:37:43 +0530
Processing by Rails::WelcomeController#index as HTML
  Rendering /home/itsacheckmate/.rvm/gems/ruby-3.0.0/gems/railties-7.0.3/lib/rails/templates/rails/welcome/index.html.erb
  Rendered /home/itsacheckmate/.rvm/gems/ruby-3.0.0/gems/railties-7.0.3/lib/rails/templates/rails/welcome/index.html.erb (Duration: 0.8ms | Allocations: 636)
Completed 200 OK in 5ms (Views: 2.0ms | ActiveRecord: 0.0ms | Allocations: 6142)


Started GET "/" for 127.0.0.1 at 2022-06-30 14:57:34 +0530
Processing by Rails::WelcomeController#index as HTML
  Rendering /home/itsacheckmate/.rvm/gems/ruby-3.0.0/gems/railties-7.0.3/lib/rails/templates/rails/welcome/index.html.erb
  Rendered /home/itsacheckmate/.rvm/gems/ruby-3.0.0/gems/railties-7.0.3/lib/rails/templates/rails/welcome/index.html.erb (Duration: 0.6ms | Allocations: 636)
Completed 200 OK in 4ms (Views: 1.7ms | ActiveRecord: 0.0ms | Allocations: 5733)


Started GET "/about" for 127.0.0.1 at 2022-06-30 14:57:40 +0530
  
Zeitwerk::NameError (expected file /home/itsacheckmate/Html_Project/Training-Repository/Rails/scheduled_tweets/app/controllers/about_controller.rb to define constant AboutController, but didn't):
  
zeitwerk (2.6.0) lib/zeitwerk/loader/callbacks.rb:25:in `on_file_autoloaded'
zeitwerk (2.6.0) lib/zeitwerk/kernel.rb:28:in `require'
activesupport (7.0.3) lib/active_support/inflector/methods.rb:280:in `const_get'
activesupport (7.0.3) lib/active_support/inflector/methods.rb:280:in `constantize'
activesupport (7.0.3) lib/active_support/core_ext/string/inflections.rb:74:in `constantize'
actionpack (7.0.3) lib/action_dispatch/http/request.rb:90:in `controller_class_for'
actionpack (7.0.3) lib/action_dispatch/request/utils.rb:95:in `action_encoding_template'
actionpack (7.0.3) lib/action_dispatch/request/utils.rb:83:in `encode'
actionpack (7.0.3) lib/action_dispatch/request/utils.rb:45:in `set_binary_encoding'
actionpack (7.0.3) lib/action_dispatch/http/parameters.rb:68:in `path_parameters='
actionpack (7.0.3) lib/action_dispatch/journey/router.rb:48:in `block in serve'
actionpack (7.0.3) lib/action_dispatch/journey/router.rb:32:in `each'
actionpack (7.0.3) lib/action_dispatch/journey/router.rb:32:in `serve'
actionpack (7.0.3) lib/action_dispatch/routing/route_set.rb:852:in `call'
rack (2.2.3.1) lib/rack/tempfile_reaper.rb:15:in `call'
rack (2.2.3.1) lib/rack/etag.rb:27:in `call'
rack (2.2.3.1) lib/rack/conditional_get.rb:27:in `call'
rack (2.2.3.1) lib/rack/head.rb:12:in `call'
actionpack (7.0.3) lib/action_dispatch/http/permissions_policy.rb:38:in `call'
actionpack (7.0.3) lib/action_dispatch/http/content_security_policy.rb:36:in `call'
rack (2.2.3.1) lib/rack/session/abstract/id.rb:266:in `context'
rack (2.2.3.1) lib/rack/session/abstract/id.rb:260:in `call'
actionpack (7.0.3) lib/action_dispatch/middleware/cookies.rb:697:in `call'
activerecord (7.0.3) lib/active_record/migration.rb:603:in `call'
actionpack (7.0.3) lib/action_dispatch/middleware/callbacks.rb:27:in `block in call'
activesupport (7.0.3) lib/active_support/callbacks.rb:99:in `run_callbacks'
actionpack (7.0.3) lib/action_dispatch/middleware/callbacks.rb:26:in `call'
actionpack (7.0.3) lib/action_dispatch/middleware/executor.rb:14:in `call'
actionpack (7.0.3) lib/action_dispatch/middleware/actionable_exceptions.rb:17:in `call'
actionpack (7.0.3) lib/action_dispatch/middleware/debug_exceptions.rb:28:in `call'
web-console (4.2.0) lib/web_console/middleware.rb:132:in `call_app'
web-console (4.2.0) lib/web_console/middleware.rb:28:in `block in call'
web-console (4.2.0) lib/web_console/middleware.rb:17:in `catch'
web-console (4.2.0) lib/web_console/middleware.rb:17:in `call'
actionpack (7.0.3) lib/action_dispatch/middleware/show_exceptions.rb:26:in `call'
railties (7.0.3) lib/rails/rack/logger.rb:40:in `call_app'
railties (7.0.3) lib/rails/rack/logger.rb:25:in `block in call'
activesupport (7.0.3) lib/active_support/tagged_logging.rb:114:in `block in tagged'
activesupport (7.0.3) lib/active_support/tagged_logging.rb:38:in `tagged'
activesupport (7.0.3) lib/active_support/tagged_logging.rb:114:in `tagged'
railties (7.0.3) lib/rails/rack/logger.rb:25:in `call'
sprockets-rails (3.4.2) lib/sprockets/rails/quiet_assets.rb:13:in `call'
actionpack (7.0.3) lib/action_dispatch/middleware/remote_ip.rb:93:in `call'
actionpack (7.0.3) lib/action_dispatch/middleware/request_id.rb:26:in `call'
rack (2.2.3.1) lib/rack/method_override.rb:24:in `call'
rack (2.2.3.1) lib/rack/runtime.rb:22:in `call'
activesupport (7.0.3) lib/active_support/cache/strategy/local_cache_middleware.rb:29:in `call'
actionpack (7.0.3) lib/action_dispatch/middleware/server_timing.rb:20:in `call'
actionpack (7.0.3) lib/action_dispatch/middleware/executor.rb:14:in `call'
actionpack (7.0.3) lib/action_dispatch/middleware/static.rb:23:in `call'
rack (2.2.3.1) lib/rack/sendfile.rb:110:in `call'
actionpack (7.0.3) lib/action_dispatch/middleware/host_authorization.rb:137:in `call'
railties (7.0.3) lib/rails/engine.rb:530:in `call'
puma (5.6.4) lib/puma/configuration.rb:252:in `call'
puma (5.6.4) lib/puma/request.rb:77:in `block in handle_request'
puma (5.6.4) lib/puma/thread_pool.rb:340:in `with_force_shutdown'
puma (5.6.4) lib/puma/request.rb:76:in `handle_request'
puma (5.6.4) lib/puma/server.rb:441:in `process_client'
puma (5.6.4) lib/puma/thread_pool.rb:147:in `block in spawn_thread'
Started GET "/about" for 127.0.0.1 at 2022-06-30 15:00:39 +0530
Processing by AboutController#index as HTML
  Rendering layout layouts/application.html.erb
  Rendering about/index.html.erb within layouts/application
  Rendered about/index.html.erb within layouts/application (Duration: 0.2ms | Allocations: 117)
  Rendered layout layouts/application.html.erb (Duration: 108.9ms | Allocations: 94893)
Completed 200 OK in 110ms (Views: 109.8ms | ActiveRecord: 0.0ms | Allocations: 95999)


Started GET "/" for 127.0.0.1 at 2022-06-30 15:09:41 +0530
Processing by MainController#index as HTML
  Rendering layout layouts/application.html.erb
  Rendering main/index.html.erb within layouts/application
  Rendered main/index.html.erb within layouts/application (Duration: 0.3ms | Allocations: 365)
  Rendered layout layouts/application.html.erb (Duration: 29.3ms | Allocations: 35648)
Completed 200 OK in 33ms (Views: 30.4ms | ActiveRecord: 0.0ms | Allocations: 40896)


Started GET "/" for 127.0.0.1 at 2022-06-30 15:10:25 +0530
Processing by MainController#index as HTML
  Rendering layout layouts/application.html.erb
  Rendering main/index.html.erb within layouts/application
  Rendered main/index.html.erb within layouts/application (Duration: 0.0ms | Allocations: 17)
  Rendered layout layouts/application.html.erb (Duration: 6.0ms | Allocations: 13937)
Completed 200 OK in 7ms (Views: 6.7ms | ActiveRecord: 0.0ms | Allocations: 14708)


Started GET "/" for 127.0.0.1 at 2022-06-30 15:12:37 +0530
Processing by MainController#index as HTML
  Rendering layout layouts/application.html.erb
  Rendering main/index.html.erb within layouts/application
  Rendered main/index.html.erb within layouts/application (Duration: 0.5ms | Allocations: 365)
  Rendered layout layouts/application.html.erb (Duration: 22.4ms | Allocations: 35640)
Completed 200 OK in 27ms (Views: 24.4ms | ActiveRecord: 0.0ms | Allocations: 40889)


Started GET "/" for 127.0.0.1 at 2022-06-30 15:16:00 +0530
Processing by MainController#index as HTML
  Rendering layout layouts/application.html.erb
  Rendering main/index.html.erb within layouts/application
  Rendered main/index.html.erb within layouts/application (Duration: 0.2ms | Allocations: 117)
  Rendered layout layouts/application.html.erb (Duration: 2.4ms | Allocations: 2821)
Completed 200 OK in 4ms (Views: 3.3ms | ActiveRecord: 0.0ms | Allocations: 3840)


Started GET "/" for 127.0.0.1 at 2022-06-30 15:17:16 +0530
Processing by MainController#index as HTML
  Rendering layout layouts/application.html.erb
  Rendering main/index.html.erb within layouts/application
  Rendered main/index.html.erb within layouts/application (Duration: 0.5ms | Allocations: 120)
  Rendered layout layouts/application.html.erb (Duration: 2.7ms | Allocations: 2811)
Completed 200 OK in 5ms (Views: 4.1ms | ActiveRecord: 0.0ms | Allocations: 3830)


Started GET "/" for 127.0.0.1 at 2022-06-30 15:19:14 +0530
Processing by MainController#index as HTML
  Rendering layout layouts/application.html.erb
  Rendering main/index.html.erb within layouts/application
  Rendered main/index.html.erb within layouts/application (Duration: 0.3ms | Allocations: 367)
  Rendered layout layouts/application.html.erb (Duration: 21.3ms | Allocations: 35634)
Completed 200 OK in 25ms (Views: 22.5ms | ActiveRecord: 0.0ms | Allocations: 40883)


Started GET "/about" for 127.0.0.1 at 2022-06-30 15:20:24 +0530
Processing by AboutController#index as HTML
  Rendering layout layouts/application.html.erb
  Rendering about/index.html.erb within layouts/application
  Rendered about/index.html.erb within layouts/application (Duration: 0.3ms | Allocations: 117)
  Rendered layout layouts/application.html.erb (Duration: 2.2ms | Allocations: 2827)
Completed 200 OK in 4ms (Views: 3.2ms | ActiveRecord: 0.0ms | Allocations: 3874)


Started GET "/about" for 127.0.0.1 at 2022-06-30 15:24:38 +0530
Processing by AboutController#index as HTML
  Rendering layout layouts/application.html.erb
  Rendering about/index.html.erb within layouts/application
  Rendered about/index.html.erb within layouts/application (Duration: 0.2ms | Allocations: 116)
  Rendered shared/_navbar.html.erb (Duration: 0.2ms | Allocations: 157)
  Rendered layout layouts/application.html.erb (Duration: 2.3ms | Allocations: 3130)
Completed 200 OK in 3ms (Views: 3.1ms | ActiveRecord: 0.0ms | Allocations: 4148)


Started GET "/about" for 127.0.0.1 at 2022-06-30 15:27:30 +0530
Processing by AboutController#index as HTML
  Rendering layout layouts/application.html.erb
  Rendering about/index.html.erb within layouts/application
  Rendered about/index.html.erb within layouts/application (Duration: 0.3ms | Allocations: 116)
  Rendered shared/_navbar.html.erb (Duration: 0.2ms | Allocations: 142)
  Rendered layout layouts/application.html.erb (Duration: 2.7ms | Allocations: 3096)
Completed 200 OK in 4ms (Views: 3.8ms | Allocations: 4112)


Started GET "/" for 127.0.0.1 at 2022-06-30 15:27:42 +0530
Processing by MainController#index as HTML
  Rendering layout layouts/application.html.erb
  Rendering main/index.html.erb within layouts/application
  Rendered main/index.html.erb within layouts/application (Duration: 0.2ms | Allocations: 118)
  Rendered shared/_navbar.html.erb (Duration: 0.0ms | Allocations: 14)
  Rendered layout layouts/application.html.erb (Duration: 2.0ms | Allocations: 2689)
Completed 200 OK in 3ms (Views: 2.9ms | Allocations: 3525)


Started GET "/" for 127.0.0.1 at 2022-06-30 15:27:43 +0530
Processing by MainController#index as HTML
  Rendering layout layouts/application.html.erb
  Rendering main/index.html.erb within layouts/application
  Rendered main/index.html.erb within layouts/application (Duration: 0.0ms | Allocations: 15)
  Rendered shared/_navbar.html.erb (Duration: 0.0ms | Allocations: 13)
  Rendered layout layouts/application.html.erb (Duration: 1.7ms | Allocations: 2486)
Completed 200 OK in 2ms (Views: 1.9ms | Allocations: 2805)


Started GET "/" for 127.0.0.1 at 2022-06-30 15:27:44 +0530
Processing by MainController#index as HTML
  Rendering layout layouts/application.html.erb
  Rendering main/index.html.erb within layouts/application
  Rendered main/index.html.erb within layouts/application (Duration: 0.0ms | Allocations: 15)
  Rendered shared/_navbar.html.erb (Duration: 0.0ms | Allocations: 13)
  Rendered layout layouts/application.html.erb (Duration: 1.9ms | Allocations: 2491)
Completed 200 OK in 2ms (Views: 2.2ms | Allocations: 2813)


Started GET "/about" for 127.0.0.1 at 2022-06-30 15:27:45 +0530
Processing by AboutController#index as HTML
  Rendering layout layouts/application.html.erb
  Rendering about/index.html.erb within layouts/application
  Rendered about/index.html.erb within layouts/application (Duration: 0.0ms | Allocations: 15)
  Rendered shared/_navbar.html.erb (Duration: 0.0ms | Allocations: 13)
  Rendered layout layouts/application.html.erb (Duration: 1.9ms | Allocations: 2487)
Completed 200 OK in 2ms (Views: 2.2ms | Allocations: 2807)


